"2018-06-28 10:01:46 [localhost-startStop-1] DEBUG org.hibernate.SQL - alter table roles drop index UK_nb4h0p6txrmfc0xbrd1kglp9t
""2018-06-28 10:01:46 [localhost-startStop-1] DEBUG org.hibernate.SQL - alter table roles add constraint UK_nb4h0p6txrmfc0xbrd1kglp9t unique (name)
""2018-06-28 10:01:46 [localhost-startStop-1] DEBUG org.hibernate.SQL - alter table users drop index UKr43af9ap4edm43mmtq01oddj6
""2018-06-28 10:01:46 [localhost-startStop-1] DEBUG org.hibernate.SQL - alter table users add constraint UKr43af9ap4edm43mmtq01oddj6 unique (username)
""2018-06-28 10:01:46 [localhost-startStop-1] DEBUG org.hibernate.SQL - alter table users drop index UK6dotkott2kjsp8vw4d0m25fb7
""2018-06-28 10:01:46 [localhost-startStop-1] DEBUG org.hibernate.SQL - alter table users add constraint UK6dotkott2kjsp8vw4d0m25fb7 unique (email)
""2018-06-28 10:01:46 [localhost-startStop-1] DEBUG org.hibernate.SQL - alter table votes drop index UK8um9h2wxsdjrgx3rjjwvny676
""2018-06-28 10:01:46 [localhost-startStop-1] DEBUG org.hibernate.SQL - alter table votes add constraint UK8um9h2wxsdjrgx3rjjwvny676 unique (poll_id, user_id)
""2018-06-28 10:01:46 [localhost-startStop-1] DEBUG org.hibernate.SQL - alter table choices add constraint FK1i68hpih40n447wqx4lpef6ot foreign key (poll_id) references polls (id)
""2018-06-28 10:01:46 [localhost-startStop-1] DEBUG org.hibernate.SQL - alter table user_roles add constraint FKh8ciramu9cc9q3qcqiv4ue8a6 foreign key (role_id) references roles (id)
""2018-06-28 10:01:46 [localhost-startStop-1] DEBUG org.hibernate.SQL - alter table user_roles add constraint FKhfh9dx7w3ubf1co1vdev94g3f foreign key (user_id) references users (id)
""2018-06-28 10:01:46 [localhost-startStop-1] DEBUG org.hibernate.SQL - alter table votes add constraint FKomskymhxde3qq9mcukyp1puio foreign key (choice_id) references choices (id)
""2018-06-28 10:01:46 [localhost-startStop-1] DEBUG org.hibernate.SQL - alter table votes add constraint FK7trt3uyihr4g13hva9d31puxg foreign key (poll_id) references polls (id)
""2018-06-28 10:01:46 [localhost-startStop-1] DEBUG org.hibernate.SQL - alter table votes add constraint FKli4uj3ic2vypf5pialchj925e foreign key (user_id) references users (id)
""2018-06-28 10:01:48 [main] WARN  o.s.b.a.o.j.JpaBaseConfiguration$JpaWebConfiguration$JpaWebMvcConfiguration - spring.jpa.open-in-view is enabled by default. Therefore, database queries may be performed during view rendering. Explicitly configure spring.jpa.open-in-view to disable this warning
""2018-06-28 10:01:51 [main] INFO  c.t.j.o.c.LoggingAspect$$EnhancerBySpringCGLIB$$77ba85df - Controller Allowed execution for execution(ResponseEntity com.test.jwt.ownApp.controller.AppController.getAppDetails())
""2018-06-28 10:02:03 [main] INFO  com.test.jwt.ownApp.MyOwnAppMain - Starting MyOwnAppMain on AMBAUS00100.local with PID 40000 (/Users/708050/Documents/Madhuworkspace/ownApp/SpringBoot_JWT_Docker/target/classes started by 708050 in /Users/708050/Documents/Madhuworkspace/ownApp/SpringBoot_JWT_Docker)
""2018-06-28 10:02:03 [main] INFO  com.test.jwt.ownApp.MyOwnAppMain - The following profiles are active: container
""2018-06-28 10:02:09 [localhost-startStop-1] DEBUG org.hibernate.SQL - alter table roles drop index UK_nb4h0p6txrmfc0xbrd1kglp9t
""2018-06-28 10:02:09 [localhost-startStop-1] DEBUG org.hibernate.SQL - alter table roles add constraint UK_nb4h0p6txrmfc0xbrd1kglp9t unique (name)
""2018-06-28 10:02:09 [localhost-startStop-1] DEBUG org.hibernate.SQL - alter table users drop index UKr43af9ap4edm43mmtq01oddj6
""2018-06-28 10:02:09 [localhost-startStop-1] DEBUG org.hibernate.SQL - alter table users add constraint UKr43af9ap4edm43mmtq01oddj6 unique (username)
""2018-06-28 10:02:09 [localhost-startStop-1] DEBUG org.hibernate.SQL - alter table users drop index UK6dotkott2kjsp8vw4d0m25fb7
""2018-06-28 10:02:09 [localhost-startStop-1] DEBUG org.hibernate.SQL - alter table users add constraint UK6dotkott2kjsp8vw4d0m25fb7 unique (email)
""2018-06-28 10:02:09 [localhost-startStop-1] DEBUG org.hibernate.SQL - alter table votes drop index UK8um9h2wxsdjrgx3rjjwvny676
""2018-06-28 10:02:09 [localhost-startStop-1] DEBUG org.hibernate.SQL - alter table votes add constraint UK8um9h2wxsdjrgx3rjjwvny676 unique (poll_id, user_id)
""2018-06-28 10:02:09 [localhost-startStop-1] DEBUG org.hibernate.SQL - alter table choices add constraint FK1i68hpih40n447wqx4lpef6ot foreign key (poll_id) references polls (id)
""2018-06-28 10:02:09 [localhost-startStop-1] DEBUG org.hibernate.SQL - alter table user_roles add constraint FKh8ciramu9cc9q3qcqiv4ue8a6 foreign key (role_id) references roles (id)
""2018-06-28 10:02:09 [localhost-startStop-1] DEBUG org.hibernate.SQL - alter table user_roles add constraint FKhfh9dx7w3ubf1co1vdev94g3f foreign key (user_id) references users (id)
""2018-06-28 10:02:09 [localhost-startStop-1] DEBUG org.hibernate.SQL - alter table votes add constraint FKomskymhxde3qq9mcukyp1puio foreign key (choice_id) references choices (id)
""2018-06-28 10:02:09 [localhost-startStop-1] DEBUG org.hibernate.SQL - alter table votes add constraint FK7trt3uyihr4g13hva9d31puxg foreign key (poll_id) references polls (id)
""2018-06-28 10:02:09 [localhost-startStop-1] DEBUG org.hibernate.SQL - alter table votes add constraint FKli4uj3ic2vypf5pialchj925e foreign key (user_id) references users (id)
""2018-06-28 10:02:11 [main] WARN  o.s.b.a.o.j.JpaBaseConfiguration$JpaWebConfiguration$JpaWebMvcConfiguration - spring.jpa.open-in-view is enabled by default. Therefore, database queries may be performed during view rendering. Explicitly configure spring.jpa.open-in-view to disable this warning
""2018-06-28 10:02:13 [main] ERROR o.a.catalina.core.StandardService - Failed to start connector [Connector[HTTP/1.1-8080]]
"org.apache.catalina.LifecycleException: Failed to start component [Connector[HTTP/1.1-8080]]
	at org.apache.catalina.util.LifecycleBase.start(LifecycleBase.java:167)
	at org.apache.catalina.core.StandardService.addConnector(StandardService.java:225)
	at org.springframework.boot.web.embedded.tomcat.TomcatWebServer.addPreviouslyRemovedConnectors(TomcatWebServer.java:255)
	at org.springframework.boot.web.embedded.tomcat.TomcatWebServer.start(TomcatWebServer.java:197)
	at org.springframework.boot.web.servlet.context.ServletWebServerApplicationContext.startWebServer(ServletWebServerApplicationContext.java:300)
	at org.springframework.boot.web.servlet.context.ServletWebServerApplicationContext.finishRefresh(ServletWebServerApplicationContext.java:162)
	at org.springframework.context.support.AbstractApplicationContext.refresh(AbstractApplicationContext.java:552)
	at org.springframework.boot.web.servlet.context.ServletWebServerApplicationContext.refresh(ServletWebServerApplicationContext.java:140)
	at org.springframework.boot.SpringApplication.refresh(SpringApplication.java:752)
	at org.springframework.boot.SpringApplication.refreshContext(SpringApplication.java:388)
	at org.springframework.boot.SpringApplication.run(SpringApplication.java:327)
	at org.springframework.boot.SpringApplication.run(SpringApplication.java:1246)
	at org.springframework.boot.SpringApplication.run(SpringApplication.java:1234)
	at com.test.jwt.ownApp.MyOwnAppMain.main(MyOwnAppMain.java:23)
Caused by: org.apache.catalina.LifecycleException: Protocol handler start failed
	at org.apache.catalina.connector.Connector.startInternal(Connector.java:1021)
	at org.apache.catalina.util.LifecycleBase.start(LifecycleBase.java:150)
	... 13 common frames omitted
Caused by: java.net.BindException: Address already in use
	at sun.nio.ch.Net.bind0(Native Method)
	at sun.nio.ch.Net.bind(Net.java:433)
	at sun.nio.ch.Net.bind(Net.java:425)
	at sun.nio.ch.ServerSocketChannelImpl.bind(ServerSocketChannelImpl.java:223)
	at sun.nio.ch.ServerSocketAdaptor.bind(ServerSocketAdaptor.java:74)
	at org.apache.tomcat.util.net.NioEndpoint.bind(NioEndpoint.java:210)
	at org.apache.tomcat.util.net.AbstractEndpoint.start(AbstractEndpoint.java:1150)
	at org.apache.coyote.AbstractProtocol.start(AbstractProtocol.java:591)
	at org.apache.catalina.connector.Connector.startInternal(Connector.java:1018)
	... 14 common frames omitted
"2018-06-28 10:02:13 [localhost-startStop-1] WARN  o.a.c.loader.WebappClassLoaderBase - The web application [ROOT] appears to have started a thread named [HikariPool-1 housekeeper] but has failed to stop it. This is very likely to create a memory leak. Stack trace of thread:
 sun.misc.Unsafe.park(Native Method)
 java.util.concurrent.locks.LockSupport.parkNanos(LockSupport.java:215)
 java.util.concurrent.locks.AbstractQueuedSynchronizer$ConditionObject.awaitNanos(AbstractQueuedSynchronizer.java:2078)
 java.util.concurrent.ScheduledThreadPoolExecutor$DelayedWorkQueue.take(ScheduledThreadPoolExecutor.java:1093)
 java.util.concurrent.ScheduledThreadPoolExecutor$DelayedWorkQueue.take(ScheduledThreadPoolExecutor.java:809)
 java.util.concurrent.ThreadPoolExecutor.getTask(ThreadPoolExecutor.java:1074)
 java.util.concurrent.ThreadPoolExecutor.runWorker(ThreadPoolExecutor.java:1134)
 java.util.concurrent.ThreadPoolExecutor$Worker.run(ThreadPoolExecutor.java:624)
 java.lang.Thread.run(Thread.java:748)
""2018-06-28 10:02:13 [main] ERROR o.s.b.d.LoggingFailureAnalysisReporter - 

***************************
APPLICATION FAILED TO START
***************************

Description:

The Tomcat connector configured to listen on port 8080 failed to start. The port may already be in use or the connector may be misconfigured.

Action:

Verify the connector's configuration, identify and stop any process that's listening on port 8080, or configure this application to listen on another port.

""2018-06-28 10:02:28 [main] INFO  com.test.jwt.ownApp.MyOwnAppMain - Starting MyOwnAppMain on AMBAUS00100.local with PID 40004 (/Users/708050/Documents/Madhuworkspace/ownApp/SpringBoot_JWT_Docker/target/classes started by 708050 in /Users/708050/Documents/Madhuworkspace/ownApp/SpringBoot_JWT_Docker)
""2018-06-28 10:02:28 [main] INFO  com.test.jwt.ownApp.MyOwnAppMain - The following profiles are active: container
""2018-06-28 10:02:33 [localhost-startStop-1] DEBUG org.hibernate.SQL - alter table roles drop index UK_nb4h0p6txrmfc0xbrd1kglp9t
""2018-06-28 10:02:33 [localhost-startStop-1] DEBUG org.hibernate.SQL - alter table roles add constraint UK_nb4h0p6txrmfc0xbrd1kglp9t unique (name)
""2018-06-28 10:02:33 [localhost-startStop-1] DEBUG org.hibernate.SQL - alter table users drop index UKr43af9ap4edm43mmtq01oddj6
""2018-06-28 10:02:33 [localhost-startStop-1] DEBUG org.hibernate.SQL - alter table users add constraint UKr43af9ap4edm43mmtq01oddj6 unique (username)
""2018-06-28 10:02:33 [localhost-startStop-1] DEBUG org.hibernate.SQL - alter table users drop index UK6dotkott2kjsp8vw4d0m25fb7
""2018-06-28 10:02:33 [localhost-startStop-1] DEBUG org.hibernate.SQL - alter table users add constraint UK6dotkott2kjsp8vw4d0m25fb7 unique (email)
""2018-06-28 10:02:33 [localhost-startStop-1] DEBUG org.hibernate.SQL - alter table votes drop index UK8um9h2wxsdjrgx3rjjwvny676
""2018-06-28 10:02:33 [localhost-startStop-1] DEBUG org.hibernate.SQL - alter table votes add constraint UK8um9h2wxsdjrgx3rjjwvny676 unique (poll_id, user_id)
""2018-06-28 10:02:33 [localhost-startStop-1] DEBUG org.hibernate.SQL - alter table choices add constraint FK1i68hpih40n447wqx4lpef6ot foreign key (poll_id) references polls (id)
""2018-06-28 10:02:33 [localhost-startStop-1] DEBUG org.hibernate.SQL - alter table user_roles add constraint FKh8ciramu9cc9q3qcqiv4ue8a6 foreign key (role_id) references roles (id)
""2018-06-28 10:02:33 [localhost-startStop-1] DEBUG org.hibernate.SQL - alter table user_roles add constraint FKhfh9dx7w3ubf1co1vdev94g3f foreign key (user_id) references users (id)
""2018-06-28 10:02:33 [localhost-startStop-1] DEBUG org.hibernate.SQL - alter table votes add constraint FKomskymhxde3qq9mcukyp1puio foreign key (choice_id) references choices (id)
""2018-06-28 10:02:33 [localhost-startStop-1] DEBUG org.hibernate.SQL - alter table votes add constraint FK7trt3uyihr4g13hva9d31puxg foreign key (poll_id) references polls (id)
""2018-06-28 10:02:33 [localhost-startStop-1] DEBUG org.hibernate.SQL - alter table votes add constraint FKli4uj3ic2vypf5pialchj925e foreign key (user_id) references users (id)
""2018-06-28 10:02:35 [main] WARN  o.s.b.a.o.j.JpaBaseConfiguration$JpaWebConfiguration$JpaWebMvcConfiguration - spring.jpa.open-in-view is enabled by default. Therefore, database queries may be performed during view rendering. Explicitly configure spring.jpa.open-in-view to disable this warning
""2018-06-28 10:02:38 [main] INFO  com.test.jwt.ownApp.MyOwnAppMain - Started MyOwnAppMain in 10.732 seconds (JVM running for 11.159)
""2018-06-28 10:03:07 [http-nio-8080-exec-1] DEBUG org.hibernate.SQL - select user0_.id as id1_4_0_, user0_.created_at as created_2_4_0_, user0_.updated_at as updated_3_4_0_, user0_.email as email4_4_0_, user0_.name as name5_4_0_, user0_.password as password6_4_0_, user0_.username as username7_4_0_ from users user0_ where user0_.id=?
""2018-06-28 10:03:07 [http-nio-8080-exec-1] ERROR c.t.j.o.s.JwtAuthenticationFilter - Could not set user authentication in security context
"com.test.jwt.ownApp.exception.ResourceNotFoundException: User not found with id : '1'
	at com.test.jwt.ownApp.security.CustomUserDetailsService.lambda$loadUserById$1(CustomUserDetailsService.java:40)
	at java.util.Optional.orElseThrow(Optional.java:290)
	at com.test.jwt.ownApp.security.CustomUserDetailsService.loadUserById(CustomUserDetailsService.java:39)
	at com.test.jwt.ownApp.security.CustomUserDetailsService$$FastClassBySpringCGLIB$$d12270a0.invoke(<generated>)
	at org.springframework.cglib.proxy.MethodProxy.invoke(MethodProxy.java:204)
	at org.springframework.aop.framework.CglibAopProxy$CglibMethodInvocation.invokeJoinpoint(CglibAopProxy.java:747)
	at org.springframework.aop.framework.ReflectiveMethodInvocation.proceed(ReflectiveMethodInvocation.java:163)
	at org.springframework.transaction.interceptor.TransactionAspectSupport.invokeWithinTransaction(TransactionAspectSupport.java:294)
	at org.springframework.transaction.interceptor.TransactionInterceptor.invoke(TransactionInterceptor.java:98)
	at org.springframework.aop.framework.ReflectiveMethodInvocation.proceed(ReflectiveMethodInvocation.java:185)
	at org.springframework.aop.framework.CglibAopProxy$DynamicAdvisedInterceptor.intercept(CglibAopProxy.java:689)
	at com.test.jwt.ownApp.security.CustomUserDetailsService$$EnhancerBySpringCGLIB$$49450ec4.loadUserById(<generated>)
	at com.test.jwt.ownApp.security.JwtAuthenticationFilter.doFilterInternal(JwtAuthenticationFilter.java:50)
	at org.springframework.web.filter.OncePerRequestFilter.doFilter(OncePerRequestFilter.java:107)
	at org.springframework.security.web.FilterChainProxy$VirtualFilterChain.doFilter(FilterChainProxy.java:334)
	at org.springframework.security.web.authentication.logout.LogoutFilter.doFilter(LogoutFilter.java:116)
	at org.springframework.security.web.FilterChainProxy$VirtualFilterChain.doFilter(FilterChainProxy.java:334)
	at org.springframework.web.filter.CorsFilter.doFilterInternal(CorsFilter.java:96)
	at org.springframework.web.filter.OncePerRequestFilter.doFilter(OncePerRequestFilter.java:107)
	at org.springframework.security.web.FilterChainProxy$VirtualFilterChain.doFilter(FilterChainProxy.java:334)
	at org.springframework.security.web.header.HeaderWriterFilter.doFilterInternal(HeaderWriterFilter.java:66)
	at org.springframework.web.filter.OncePerRequestFilter.doFilter(OncePerRequestFilter.java:107)
	at org.springframework.security.web.FilterChainProxy$VirtualFilterChain.doFilter(FilterChainProxy.java:334)
	at org.springframework.security.web.context.SecurityContextPersistenceFilter.doFilter(SecurityContextPersistenceFilter.java:105)
	at org.springframework.security.web.FilterChainProxy$VirtualFilterChain.doFilter(FilterChainProxy.java:334)
	at org.springframework.security.web.context.request.async.WebAsyncManagerIntegrationFilter.doFilterInternal(WebAsyncManagerIntegrationFilter.java:56)
	at org.springframework.web.filter.OncePerRequestFilter.doFilter(OncePerRequestFilter.java:107)
	at org.springframework.security.web.FilterChainProxy$VirtualFilterChain.doFilter(FilterChainProxy.java:334)
	at org.springframework.security.web.FilterChainProxy.doFilterInternal(FilterChainProxy.java:215)
	at org.springframework.security.web.FilterChainProxy.doFilter(FilterChainProxy.java:178)
	at org.springframework.web.filter.DelegatingFilterProxy.invokeDelegate(DelegatingFilterProxy.java:357)
	at org.springframework.web.filter.DelegatingFilterProxy.doFilter(DelegatingFilterProxy.java:270)
	at org.apache.catalina.core.ApplicationFilterChain.internalDoFilter(ApplicationFilterChain.java:193)
	at org.apache.catalina.core.ApplicationFilterChain.doFilter(ApplicationFilterChain.java:166)
	at org.springframework.web.filter.RequestContextFilter.doFilterInternal(RequestContextFilter.java:99)
	at org.springframework.web.filter.OncePerRequestFilter.doFilter(OncePerRequestFilter.java:107)
	at org.apache.catalina.core.ApplicationFilterChain.internalDoFilter(ApplicationFilterChain.java:193)
	at org.apache.catalina.core.ApplicationFilterChain.doFilter(ApplicationFilterChain.java:166)
	at org.springframework.web.filter.HttpPutFormContentFilter.doFilterInternal(HttpPutFormContentFilter.java:109)
	at org.springframework.web.filter.OncePerRequestFilter.doFilter(OncePerRequestFilter.java:107)
	at org.apache.catalina.core.ApplicationFilterChain.internalDoFilter(ApplicationFilterChain.java:193)
	at org.apache.catalina.core.ApplicationFilterChain.doFilter(ApplicationFilterChain.java:166)
	at org.springframework.web.filter.HiddenHttpMethodFilter.doFilterInternal(HiddenHttpMethodFilter.java:81)
	at org.springframework.web.filter.OncePerRequestFilter.doFilter(OncePerRequestFilter.java:107)
	at org.apache.catalina.core.ApplicationFilterChain.internalDoFilter(ApplicationFilterChain.java:193)
	at org.apache.catalina.core.ApplicationFilterChain.doFilter(ApplicationFilterChain.java:166)
	at org.springframework.web.filter.CharacterEncodingFilter.doFilterInternal(CharacterEncodingFilter.java:200)
	at org.springframework.web.filter.OncePerRequestFilter.doFilter(OncePerRequestFilter.java:107)
	at org.apache.catalina.core.ApplicationFilterChain.internalDoFilter(ApplicationFilterChain.java:193)
	at org.apache.catalina.core.ApplicationFilterChain.doFilter(ApplicationFilterChain.java:166)
	at org.apache.catalina.core.StandardWrapperValve.invoke(StandardWrapperValve.java:199)
	at org.apache.catalina.core.StandardContextValve.invoke(StandardContextValve.java:96)
	at org.apache.catalina.authenticator.AuthenticatorBase.invoke(AuthenticatorBase.java:496)
	at org.apache.catalina.core.StandardHostValve.invoke(StandardHostValve.java:140)
	at org.apache.catalina.valves.ErrorReportValve.invoke(ErrorReportValve.java:81)
	at org.apache.catalina.core.StandardEngineValve.invoke(StandardEngineValve.java:87)
	at org.apache.catalina.connector.CoyoteAdapter.service(CoyoteAdapter.java:342)
	at org.apache.coyote.http11.Http11Processor.service(Http11Processor.java:803)
	at org.apache.coyote.AbstractProcessorLight.process(AbstractProcessorLight.java:66)
	at org.apache.coyote.AbstractProtocol$ConnectionHandler.process(AbstractProtocol.java:790)
	at org.apache.tomcat.util.net.NioEndpoint$SocketProcessor.doRun(NioEndpoint.java:1459)
	at org.apache.tomcat.util.net.SocketProcessorBase.run(SocketProcessorBase.java:49)
	at java.util.concurrent.ThreadPoolExecutor.runWorker(ThreadPoolExecutor.java:1149)
	at java.util.concurrent.ThreadPoolExecutor$Worker.run(ThreadPoolExecutor.java:624)
	at org.apache.tomcat.util.threads.TaskThread$WrappingRunnable.run(TaskThread.java:61)
	at java.lang.Thread.run(Thread.java:748)
"2018-06-28 10:03:10 [http-nio-8080-exec-3] DEBUG org.hibernate.SQL - select user0_.id as id1_4_0_, user0_.created_at as created_2_4_0_, user0_.updated_at as updated_3_4_0_, user0_.email as email4_4_0_, user0_.name as name5_4_0_, user0_.password as password6_4_0_, user0_.username as username7_4_0_ from users user0_ where user0_.id=?
""2018-06-28 10:03:10 [http-nio-8080-exec-3] ERROR c.t.j.o.s.JwtAuthenticationFilter - Could not set user authentication in security context
"com.test.jwt.ownApp.exception.ResourceNotFoundException: User not found with id : '1'
	at com.test.jwt.ownApp.security.CustomUserDetailsService.lambda$loadUserById$1(CustomUserDetailsService.java:40)
	at java.util.Optional.orElseThrow(Optional.java:290)
	at com.test.jwt.ownApp.security.CustomUserDetailsService.loadUserById(CustomUserDetailsService.java:39)
	at com.test.jwt.ownApp.security.CustomUserDetailsService$$FastClassBySpringCGLIB$$d12270a0.invoke(<generated>)
	at org.springframework.cglib.proxy.MethodProxy.invoke(MethodProxy.java:204)
	at org.springframework.aop.framework.CglibAopProxy$CglibMethodInvocation.invokeJoinpoint(CglibAopProxy.java:747)
	at org.springframework.aop.framework.ReflectiveMethodInvocation.proceed(ReflectiveMethodInvocation.java:163)
	at org.springframework.transaction.interceptor.TransactionAspectSupport.invokeWithinTransaction(TransactionAspectSupport.java:294)
	at org.springframework.transaction.interceptor.TransactionInterceptor.invoke(TransactionInterceptor.java:98)
	at org.springframework.aop.framework.ReflectiveMethodInvocation.proceed(ReflectiveMethodInvocation.java:185)
	at org.springframework.aop.framework.CglibAopProxy$DynamicAdvisedInterceptor.intercept(CglibAopProxy.java:689)
	at com.test.jwt.ownApp.security.CustomUserDetailsService$$EnhancerBySpringCGLIB$$49450ec4.loadUserById(<generated>)
	at com.test.jwt.ownApp.security.JwtAuthenticationFilter.doFilterInternal(JwtAuthenticationFilter.java:50)
	at org.springframework.web.filter.OncePerRequestFilter.doFilter(OncePerRequestFilter.java:107)
	at org.springframework.security.web.FilterChainProxy$VirtualFilterChain.doFilter(FilterChainProxy.java:334)
	at org.springframework.security.web.authentication.logout.LogoutFilter.doFilter(LogoutFilter.java:116)
	at org.springframework.security.web.FilterChainProxy$VirtualFilterChain.doFilter(FilterChainProxy.java:334)
	at org.springframework.web.filter.CorsFilter.doFilterInternal(CorsFilter.java:96)
	at org.springframework.web.filter.OncePerRequestFilter.doFilter(OncePerRequestFilter.java:107)
	at org.springframework.security.web.FilterChainProxy$VirtualFilterChain.doFilter(FilterChainProxy.java:334)
	at org.springframework.security.web.header.HeaderWriterFilter.doFilterInternal(HeaderWriterFilter.java:66)
	at org.springframework.web.filter.OncePerRequestFilter.doFilter(OncePerRequestFilter.java:107)
	at org.springframework.security.web.FilterChainProxy$VirtualFilterChain.doFilter(FilterChainProxy.java:334)
	at org.springframework.security.web.context.SecurityContextPersistenceFilter.doFilter(SecurityContextPersistenceFilter.java:105)
	at org.springframework.security.web.FilterChainProxy$VirtualFilterChain.doFilter(FilterChainProxy.java:334)
	at org.springframework.security.web.context.request.async.WebAsyncManagerIntegrationFilter.doFilterInternal(WebAsyncManagerIntegrationFilter.java:56)
	at org.springframework.web.filter.OncePerRequestFilter.doFilter(OncePerRequestFilter.java:107)
	at org.springframework.security.web.FilterChainProxy$VirtualFilterChain.doFilter(FilterChainProxy.java:334)
	at org.springframework.security.web.FilterChainProxy.doFilterInternal(FilterChainProxy.java:215)
	at org.springframework.security.web.FilterChainProxy.doFilter(FilterChainProxy.java:178)
	at org.springframework.web.filter.DelegatingFilterProxy.invokeDelegate(DelegatingFilterProxy.java:357)
	at org.springframework.web.filter.DelegatingFilterProxy.doFilter(DelegatingFilterProxy.java:270)
	at org.apache.catalina.core.ApplicationFilterChain.internalDoFilter(ApplicationFilterChain.java:193)
	at org.apache.catalina.core.ApplicationFilterChain.doFilter(ApplicationFilterChain.java:166)
	at org.springframework.web.filter.RequestContextFilter.doFilterInternal(RequestContextFilter.java:99)
	at org.springframework.web.filter.OncePerRequestFilter.doFilter(OncePerRequestFilter.java:107)
	at org.apache.catalina.core.ApplicationFilterChain.internalDoFilter(ApplicationFilterChain.java:193)
	at org.apache.catalina.core.ApplicationFilterChain.doFilter(ApplicationFilterChain.java:166)
	at org.springframework.web.filter.HttpPutFormContentFilter.doFilterInternal(HttpPutFormContentFilter.java:109)
	at org.springframework.web.filter.OncePerRequestFilter.doFilter(OncePerRequestFilter.java:107)
	at org.apache.catalina.core.ApplicationFilterChain.internalDoFilter(ApplicationFilterChain.java:193)
	at org.apache.catalina.core.ApplicationFilterChain.doFilter(ApplicationFilterChain.java:166)
	at org.springframework.web.filter.HiddenHttpMethodFilter.doFilterInternal(HiddenHttpMethodFilter.java:81)
	at org.springframework.web.filter.OncePerRequestFilter.doFilter(OncePerRequestFilter.java:107)
	at org.apache.catalina.core.ApplicationFilterChain.internalDoFilter(ApplicationFilterChain.java:193)
	at org.apache.catalina.core.ApplicationFilterChain.doFilter(ApplicationFilterChain.java:166)
	at org.springframework.web.filter.CharacterEncodingFilter.doFilterInternal(CharacterEncodingFilter.java:200)
	at org.springframework.web.filter.OncePerRequestFilter.doFilter(OncePerRequestFilter.java:107)
	at org.apache.catalina.core.ApplicationFilterChain.internalDoFilter(ApplicationFilterChain.java:193)
	at org.apache.catalina.core.ApplicationFilterChain.doFilter(ApplicationFilterChain.java:166)
	at org.apache.catalina.core.StandardWrapperValve.invoke(StandardWrapperValve.java:199)
	at org.apache.catalina.core.StandardContextValve.invoke(StandardContextValve.java:96)
	at org.apache.catalina.authenticator.AuthenticatorBase.invoke(AuthenticatorBase.java:496)
	at org.apache.catalina.core.StandardHostValve.invoke(StandardHostValve.java:140)
	at org.apache.catalina.valves.ErrorReportValve.invoke(ErrorReportValve.java:81)
	at org.apache.catalina.core.StandardEngineValve.invoke(StandardEngineValve.java:87)
	at org.apache.catalina.connector.CoyoteAdapter.service(CoyoteAdapter.java:342)
	at org.apache.coyote.http11.Http11Processor.service(Http11Processor.java:803)
	at org.apache.coyote.AbstractProcessorLight.process(AbstractProcessorLight.java:66)
	at org.apache.coyote.AbstractProtocol$ConnectionHandler.process(AbstractProtocol.java:790)
	at org.apache.tomcat.util.net.NioEndpoint$SocketProcessor.doRun(NioEndpoint.java:1459)
	at org.apache.tomcat.util.net.SocketProcessorBase.run(SocketProcessorBase.java:49)
	at java.util.concurrent.ThreadPoolExecutor.runWorker(ThreadPoolExecutor.java:1149)
	at java.util.concurrent.ThreadPoolExecutor$Worker.run(ThreadPoolExecutor.java:624)
	at org.apache.tomcat.util.threads.TaskThread$WrappingRunnable.run(TaskThread.java:61)
	at java.lang.Thread.run(Thread.java:748)
"2018-06-28 10:03:14 [http-nio-8080-exec-4] DEBUG org.hibernate.SQL - select user0_.id as id1_4_0_, user0_.created_at as created_2_4_0_, user0_.updated_at as updated_3_4_0_, user0_.email as email4_4_0_, user0_.name as name5_4_0_, user0_.password as password6_4_0_, user0_.username as username7_4_0_ from users user0_ where user0_.id=?
""2018-06-28 10:03:14 [http-nio-8080-exec-4] ERROR c.t.j.o.s.JwtAuthenticationFilter - Could not set user authentication in security context
"com.test.jwt.ownApp.exception.ResourceNotFoundException: User not found with id : '1'
	at com.test.jwt.ownApp.security.CustomUserDetailsService.lambda$loadUserById$1(CustomUserDetailsService.java:40)
	at java.util.Optional.orElseThrow(Optional.java:290)
	at com.test.jwt.ownApp.security.CustomUserDetailsService.loadUserById(CustomUserDetailsService.java:39)
	at com.test.jwt.ownApp.security.CustomUserDetailsService$$FastClassBySpringCGLIB$$d12270a0.invoke(<generated>)
	at org.springframework.cglib.proxy.MethodProxy.invoke(MethodProxy.java:204)
	at org.springframework.aop.framework.CglibAopProxy$CglibMethodInvocation.invokeJoinpoint(CglibAopProxy.java:747)
	at org.springframework.aop.framework.ReflectiveMethodInvocation.proceed(ReflectiveMethodInvocation.java:163)
	at org.springframework.transaction.interceptor.TransactionAspectSupport.invokeWithinTransaction(TransactionAspectSupport.java:294)
	at org.springframework.transaction.interceptor.TransactionInterceptor.invoke(TransactionInterceptor.java:98)
	at org.springframework.aop.framework.ReflectiveMethodInvocation.proceed(ReflectiveMethodInvocation.java:185)
	at org.springframework.aop.framework.CglibAopProxy$DynamicAdvisedInterceptor.intercept(CglibAopProxy.java:689)
	at com.test.jwt.ownApp.security.CustomUserDetailsService$$EnhancerBySpringCGLIB$$49450ec4.loadUserById(<generated>)
	at com.test.jwt.ownApp.security.JwtAuthenticationFilter.doFilterInternal(JwtAuthenticationFilter.java:50)
	at org.springframework.web.filter.OncePerRequestFilter.doFilter(OncePerRequestFilter.java:107)
	at org.springframework.security.web.FilterChainProxy$VirtualFilterChain.doFilter(FilterChainProxy.java:334)
	at org.springframework.security.web.authentication.logout.LogoutFilter.doFilter(LogoutFilter.java:116)
	at org.springframework.security.web.FilterChainProxy$VirtualFilterChain.doFilter(FilterChainProxy.java:334)
	at org.springframework.web.filter.CorsFilter.doFilterInternal(CorsFilter.java:96)
	at org.springframework.web.filter.OncePerRequestFilter.doFilter(OncePerRequestFilter.java:107)
	at org.springframework.security.web.FilterChainProxy$VirtualFilterChain.doFilter(FilterChainProxy.java:334)
	at org.springframework.security.web.header.HeaderWriterFilter.doFilterInternal(HeaderWriterFilter.java:66)
	at org.springframework.web.filter.OncePerRequestFilter.doFilter(OncePerRequestFilter.java:107)
	at org.springframework.security.web.FilterChainProxy$VirtualFilterChain.doFilter(FilterChainProxy.java:334)
	at org.springframework.security.web.context.SecurityContextPersistenceFilter.doFilter(SecurityContextPersistenceFilter.java:105)
	at org.springframework.security.web.FilterChainProxy$VirtualFilterChain.doFilter(FilterChainProxy.java:334)
	at org.springframework.security.web.context.request.async.WebAsyncManagerIntegrationFilter.doFilterInternal(WebAsyncManagerIntegrationFilter.java:56)
	at org.springframework.web.filter.OncePerRequestFilter.doFilter(OncePerRequestFilter.java:107)
	at org.springframework.security.web.FilterChainProxy$VirtualFilterChain.doFilter(FilterChainProxy.java:334)
	at org.springframework.security.web.FilterChainProxy.doFilterInternal(FilterChainProxy.java:215)
	at org.springframework.security.web.FilterChainProxy.doFilter(FilterChainProxy.java:178)
	at org.springframework.web.filter.DelegatingFilterProxy.invokeDelegate(DelegatingFilterProxy.java:357)
	at org.springframework.web.filter.DelegatingFilterProxy.doFilter(DelegatingFilterProxy.java:270)
	at org.apache.catalina.core.ApplicationFilterChain.internalDoFilter(ApplicationFilterChain.java:193)
	at org.apache.catalina.core.ApplicationFilterChain.doFilter(ApplicationFilterChain.java:166)
	at org.springframework.web.filter.RequestContextFilter.doFilterInternal(RequestContextFilter.java:99)
	at org.springframework.web.filter.OncePerRequestFilter.doFilter(OncePerRequestFilter.java:107)
	at org.apache.catalina.core.ApplicationFilterChain.internalDoFilter(ApplicationFilterChain.java:193)
	at org.apache.catalina.core.ApplicationFilterChain.doFilter(ApplicationFilterChain.java:166)
	at org.springframework.web.filter.HttpPutFormContentFilter.doFilterInternal(HttpPutFormContentFilter.java:109)
	at org.springframework.web.filter.OncePerRequestFilter.doFilter(OncePerRequestFilter.java:107)
	at org.apache.catalina.core.ApplicationFilterChain.internalDoFilter(ApplicationFilterChain.java:193)
	at org.apache.catalina.core.ApplicationFilterChain.doFilter(ApplicationFilterChain.java:166)
	at org.springframework.web.filter.HiddenHttpMethodFilter.doFilterInternal(HiddenHttpMethodFilter.java:81)
	at org.springframework.web.filter.OncePerRequestFilter.doFilter(OncePerRequestFilter.java:107)
	at org.apache.catalina.core.ApplicationFilterChain.internalDoFilter(ApplicationFilterChain.java:193)
	at org.apache.catalina.core.ApplicationFilterChain.doFilter(ApplicationFilterChain.java:166)
	at org.springframework.web.filter.CharacterEncodingFilter.doFilterInternal(CharacterEncodingFilter.java:200)
	at org.springframework.web.filter.OncePerRequestFilter.doFilter(OncePerRequestFilter.java:107)
	at org.apache.catalina.core.ApplicationFilterChain.internalDoFilter(ApplicationFilterChain.java:193)
	at org.apache.catalina.core.ApplicationFilterChain.doFilter(ApplicationFilterChain.java:166)
	at org.apache.catalina.core.StandardWrapperValve.invoke(StandardWrapperValve.java:199)
	at org.apache.catalina.core.StandardContextValve.invoke(StandardContextValve.java:96)
	at org.apache.catalina.authenticator.AuthenticatorBase.invoke(AuthenticatorBase.java:496)
	at org.apache.catalina.core.StandardHostValve.invoke(StandardHostValve.java:140)
	at org.apache.catalina.valves.ErrorReportValve.invoke(ErrorReportValve.java:81)
	at org.apache.catalina.core.StandardEngineValve.invoke(StandardEngineValve.java:87)
	at org.apache.catalina.connector.CoyoteAdapter.service(CoyoteAdapter.java:342)
	at org.apache.coyote.http11.Http11Processor.service(Http11Processor.java:803)
	at org.apache.coyote.AbstractProcessorLight.process(AbstractProcessorLight.java:66)
	at org.apache.coyote.AbstractProtocol$ConnectionHandler.process(AbstractProtocol.java:790)
	at org.apache.tomcat.util.net.NioEndpoint$SocketProcessor.doRun(NioEndpoint.java:1459)
	at org.apache.tomcat.util.net.SocketProcessorBase.run(SocketProcessorBase.java:49)
	at java.util.concurrent.ThreadPoolExecutor.runWorker(ThreadPoolExecutor.java:1149)
	at java.util.concurrent.ThreadPoolExecutor$Worker.run(ThreadPoolExecutor.java:624)
	at org.apache.tomcat.util.threads.TaskThread$WrappingRunnable.run(TaskThread.java:61)
	at java.lang.Thread.run(Thread.java:748)
"2018-06-28 10:03:14 [http-nio-8080-exec-4] INFO  c.t.j.o.c.LoggingAspect$$EnhancerBySpringCGLIB$$e447d0d - Controller Allowed execution for execution(ResponseEntity com.test.jwt.ownApp.controller.AuthController.registerUser(SignUpRequest))
""2018-06-28 10:03:14 [http-nio-8080-exec-4] DEBUG org.hibernate.SQL - select user0_.id as col_0_0_ from users user0_ where user0_.username=? limit ?
""2018-06-28 10:03:14 [http-nio-8080-exec-4] DEBUG org.hibernate.SQL - select user0_.id as col_0_0_ from users user0_ where user0_.email=? limit ?
""2018-06-28 10:03:14 [http-nio-8080-exec-4] DEBUG org.hibernate.SQL - select role0_.id as id1_2_, role0_.name as name2_2_ from roles role0_ where role0_.name=?
""2018-06-28 10:03:14 [http-nio-8080-exec-4] DEBUG org.hibernate.SQL - insert into users (created_at, updated_at, email, name, password, username) values (?, ?, ?, ?, ?, ?)
""2018-06-28 10:03:14 [http-nio-8080-exec-4] DEBUG org.hibernate.SQL - insert into user_roles (user_id, role_id) values (?, ?)
""2018-06-28 10:04:14 [http-nio-8080-exec-6] DEBUG org.hibernate.SQL - select user0_.id as id1_4_0_, user0_.created_at as created_2_4_0_, user0_.updated_at as updated_3_4_0_, user0_.email as email4_4_0_, user0_.name as name5_4_0_, user0_.password as password6_4_0_, user0_.username as username7_4_0_ from users user0_ where user0_.id=?
""2018-06-28 10:04:14 [http-nio-8080-exec-6] DEBUG org.hibernate.SQL - select roles0_.user_id as user_id1_3_0_, roles0_.role_id as role_id2_3_0_, role1_.id as id1_2_1_, role1_.name as name2_2_1_ from user_roles roles0_ inner join roles role1_ on roles0_.role_id=role1_.id where roles0_.user_id=?
""2018-06-28 10:04:14 [http-nio-8080-exec-6] INFO  c.t.j.o.c.LoggingAspect$$EnhancerBySpringCGLIB$$e447d0d - Controller Allowed execution for execution(ResponseEntity com.test.jwt.ownApp.controller.AuthController.authenticateUser(LoginRequest))
""2018-06-28 10:04:14 [http-nio-8080-exec-6] DEBUG org.hibernate.SQL - select user0_.id as id1_4_, user0_.created_at as created_2_4_, user0_.updated_at as updated_3_4_, user0_.email as email4_4_, user0_.name as name5_4_, user0_.password as password6_4_, user0_.username as username7_4_ from users user0_ where user0_.username=? or user0_.email=?
""2018-06-28 10:05:04 [localhost-startStop-1] DEBUG org.hibernate.SQL - alter table roles drop index UK_nb4h0p6txrmfc0xbrd1kglp9t
""2018-06-28 10:05:04 [localhost-startStop-1] DEBUG org.hibernate.SQL - alter table roles add constraint UK_nb4h0p6txrmfc0xbrd1kglp9t unique (name)
""2018-06-28 10:05:04 [localhost-startStop-1] DEBUG org.hibernate.SQL - alter table users drop index UKr43af9ap4edm43mmtq01oddj6
""2018-06-28 10:05:04 [localhost-startStop-1] DEBUG org.hibernate.SQL - alter table users add constraint UKr43af9ap4edm43mmtq01oddj6 unique (username)
""2018-06-28 10:05:04 [localhost-startStop-1] DEBUG org.hibernate.SQL - alter table users drop index UK6dotkott2kjsp8vw4d0m25fb7
""2018-06-28 10:05:04 [localhost-startStop-1] DEBUG org.hibernate.SQL - alter table users add constraint UK6dotkott2kjsp8vw4d0m25fb7 unique (email)
""2018-06-28 10:05:04 [localhost-startStop-1] DEBUG org.hibernate.SQL - alter table votes drop index UK8um9h2wxsdjrgx3rjjwvny676
""2018-06-28 10:05:04 [localhost-startStop-1] DEBUG org.hibernate.SQL - alter table votes add constraint UK8um9h2wxsdjrgx3rjjwvny676 unique (poll_id, user_id)
""2018-06-28 10:05:04 [localhost-startStop-1] DEBUG org.hibernate.SQL - alter table choices add constraint FK1i68hpih40n447wqx4lpef6ot foreign key (poll_id) references polls (id)
""2018-06-28 10:05:04 [localhost-startStop-1] DEBUG org.hibernate.SQL - alter table user_roles add constraint FKh8ciramu9cc9q3qcqiv4ue8a6 foreign key (role_id) references roles (id)
""2018-06-28 10:05:04 [localhost-startStop-1] DEBUG org.hibernate.SQL - alter table user_roles add constraint FKhfh9dx7w3ubf1co1vdev94g3f foreign key (user_id) references users (id)
""2018-06-28 10:05:04 [localhost-startStop-1] DEBUG org.hibernate.SQL - alter table votes add constraint FKomskymhxde3qq9mcukyp1puio foreign key (choice_id) references choices (id)
""2018-06-28 10:05:04 [localhost-startStop-1] DEBUG org.hibernate.SQL - alter table votes add constraint FK7trt3uyihr4g13hva9d31puxg foreign key (poll_id) references polls (id)
""2018-06-28 10:05:04 [localhost-startStop-1] DEBUG org.hibernate.SQL - alter table votes add constraint FKli4uj3ic2vypf5pialchj925e foreign key (user_id) references users (id)
""2018-06-28 10:05:06 [main] WARN  o.s.b.a.o.j.JpaBaseConfiguration$JpaWebConfiguration$JpaWebMvcConfiguration - spring.jpa.open-in-view is enabled by default. Therefore, database queries may be performed during view rendering. Explicitly configure spring.jpa.open-in-view to disable this warning
""2018-06-28 10:05:09 [main] INFO  c.t.j.o.c.LoggingAspect$$EnhancerBySpringCGLIB$$4560d71f - Controller Allowed execution for execution(ResponseEntity com.test.jwt.ownApp.controller.AppController.getAppDetails())
""2018-06-28 10:05:22 [main] INFO  com.test.jwt.ownApp.MyOwnAppMain - Starting MyOwnAppMain on AMBAUS00100.local with PID 40059 (/Users/708050/Documents/Madhuworkspace/ownApp/SpringBoot_JWT_Docker/target/classes started by 708050 in /Users/708050/Documents/Madhuworkspace/ownApp/SpringBoot_JWT_Docker)
""2018-06-28 10:05:22 [main] INFO  com.test.jwt.ownApp.MyOwnAppMain - The following profiles are active: container
""2018-06-28 10:05:29 [localhost-startStop-1] DEBUG org.hibernate.SQL - alter table roles drop index UK_nb4h0p6txrmfc0xbrd1kglp9t
""2018-06-28 10:05:29 [localhost-startStop-1] DEBUG org.hibernate.SQL - alter table roles add constraint UK_nb4h0p6txrmfc0xbrd1kglp9t unique (name)
""2018-06-28 10:05:29 [localhost-startStop-1] DEBUG org.hibernate.SQL - alter table users drop index UKr43af9ap4edm43mmtq01oddj6
""2018-06-28 10:05:29 [localhost-startStop-1] DEBUG org.hibernate.SQL - alter table users add constraint UKr43af9ap4edm43mmtq01oddj6 unique (username)
""2018-06-28 10:05:29 [localhost-startStop-1] DEBUG org.hibernate.SQL - alter table users drop index UK6dotkott2kjsp8vw4d0m25fb7
""2018-06-28 10:05:29 [localhost-startStop-1] DEBUG org.hibernate.SQL - alter table users add constraint UK6dotkott2kjsp8vw4d0m25fb7 unique (email)
""2018-06-28 10:05:29 [localhost-startStop-1] DEBUG org.hibernate.SQL - alter table votes drop index UK8um9h2wxsdjrgx3rjjwvny676
""2018-06-28 10:05:29 [localhost-startStop-1] DEBUG org.hibernate.SQL - alter table votes add constraint UK8um9h2wxsdjrgx3rjjwvny676 unique (poll_id, user_id)
""2018-06-28 10:05:29 [localhost-startStop-1] DEBUG org.hibernate.SQL - alter table choices add constraint FK1i68hpih40n447wqx4lpef6ot foreign key (poll_id) references polls (id)
""2018-06-28 10:05:29 [localhost-startStop-1] DEBUG org.hibernate.SQL - alter table user_roles add constraint FKh8ciramu9cc9q3qcqiv4ue8a6 foreign key (role_id) references roles (id)
""2018-06-28 10:05:29 [localhost-startStop-1] DEBUG org.hibernate.SQL - alter table user_roles add constraint FKhfh9dx7w3ubf1co1vdev94g3f foreign key (user_id) references users (id)
""2018-06-28 10:05:29 [localhost-startStop-1] DEBUG org.hibernate.SQL - alter table votes add constraint FKomskymhxde3qq9mcukyp1puio foreign key (choice_id) references choices (id)
""2018-06-28 10:05:29 [localhost-startStop-1] DEBUG org.hibernate.SQL - alter table votes add constraint FK7trt3uyihr4g13hva9d31puxg foreign key (poll_id) references polls (id)
""2018-06-28 10:05:29 [localhost-startStop-1] DEBUG org.hibernate.SQL - alter table votes add constraint FKli4uj3ic2vypf5pialchj925e foreign key (user_id) references users (id)
""2018-06-28 10:05:32 [main] WARN  o.s.b.a.o.j.JpaBaseConfiguration$JpaWebConfiguration$JpaWebMvcConfiguration - spring.jpa.open-in-view is enabled by default. Therefore, database queries may be performed during view rendering. Explicitly configure spring.jpa.open-in-view to disable this warning
""2018-06-28 10:05:36 [main] INFO  com.test.jwt.ownApp.MyOwnAppMain - Started MyOwnAppMain in 15.015 seconds (JVM running for 15.66)
""2018-06-28 10:05:59 [http-nio-8080-exec-1] DEBUG org.hibernate.SQL - select user0_.id as id1_4_0_, user0_.created_at as created_2_4_0_, user0_.updated_at as updated_3_4_0_, user0_.email as email4_4_0_, user0_.name as name5_4_0_, user0_.password as password6_4_0_, user0_.username as username7_4_0_ from users user0_ where user0_.id=?
""2018-06-28 10:05:59 [http-nio-8080-exec-1] ERROR c.t.j.o.s.JwtAuthenticationFilter - Could not set user authentication in security context
"com.test.jwt.ownApp.exception.ResourceNotFoundException: User not found with id : '1'
	at com.test.jwt.ownApp.security.CustomUserDetailsService.lambda$loadUserById$1(CustomUserDetailsService.java:40)
	at java.util.Optional.orElseThrow(Optional.java:290)
	at com.test.jwt.ownApp.security.CustomUserDetailsService.loadUserById(CustomUserDetailsService.java:39)
	at com.test.jwt.ownApp.security.CustomUserDetailsService$$FastClassBySpringCGLIB$$d12270a0.invoke(<generated>)
	at org.springframework.cglib.proxy.MethodProxy.invoke(MethodProxy.java:204)
	at org.springframework.aop.framework.CglibAopProxy$CglibMethodInvocation.invokeJoinpoint(CglibAopProxy.java:747)
	at org.springframework.aop.framework.ReflectiveMethodInvocation.proceed(ReflectiveMethodInvocation.java:163)
	at org.springframework.transaction.interceptor.TransactionAspectSupport.invokeWithinTransaction(TransactionAspectSupport.java:294)
	at org.springframework.transaction.interceptor.TransactionInterceptor.invoke(TransactionInterceptor.java:98)
	at org.springframework.aop.framework.ReflectiveMethodInvocation.proceed(ReflectiveMethodInvocation.java:185)
	at org.springframework.aop.framework.CglibAopProxy$DynamicAdvisedInterceptor.intercept(CglibAopProxy.java:689)
	at com.test.jwt.ownApp.security.CustomUserDetailsService$$EnhancerBySpringCGLIB$$c6338050.loadUserById(<generated>)
	at com.test.jwt.ownApp.security.JwtAuthenticationFilter.doFilterInternal(JwtAuthenticationFilter.java:50)
	at org.springframework.web.filter.OncePerRequestFilter.doFilter(OncePerRequestFilter.java:107)
	at org.springframework.security.web.FilterChainProxy$VirtualFilterChain.doFilter(FilterChainProxy.java:334)
	at org.springframework.security.web.authentication.logout.LogoutFilter.doFilter(LogoutFilter.java:116)
	at org.springframework.security.web.FilterChainProxy$VirtualFilterChain.doFilter(FilterChainProxy.java:334)
	at org.springframework.web.filter.CorsFilter.doFilterInternal(CorsFilter.java:96)
	at org.springframework.web.filter.OncePerRequestFilter.doFilter(OncePerRequestFilter.java:107)
	at org.springframework.security.web.FilterChainProxy$VirtualFilterChain.doFilter(FilterChainProxy.java:334)
	at org.springframework.security.web.header.HeaderWriterFilter.doFilterInternal(HeaderWriterFilter.java:66)
	at org.springframework.web.filter.OncePerRequestFilter.doFilter(OncePerRequestFilter.java:107)
	at org.springframework.security.web.FilterChainProxy$VirtualFilterChain.doFilter(FilterChainProxy.java:334)
	at org.springframework.security.web.context.SecurityContextPersistenceFilter.doFilter(SecurityContextPersistenceFilter.java:105)
	at org.springframework.security.web.FilterChainProxy$VirtualFilterChain.doFilter(FilterChainProxy.java:334)
	at org.springframework.security.web.context.request.async.WebAsyncManagerIntegrationFilter.doFilterInternal(WebAsyncManagerIntegrationFilter.java:56)
	at org.springframework.web.filter.OncePerRequestFilter.doFilter(OncePerRequestFilter.java:107)
	at org.springframework.security.web.FilterChainProxy$VirtualFilterChain.doFilter(FilterChainProxy.java:334)
	at org.springframework.security.web.FilterChainProxy.doFilterInternal(FilterChainProxy.java:215)
	at org.springframework.security.web.FilterChainProxy.doFilter(FilterChainProxy.java:178)
	at org.springframework.web.filter.DelegatingFilterProxy.invokeDelegate(DelegatingFilterProxy.java:357)
	at org.springframework.web.filter.DelegatingFilterProxy.doFilter(DelegatingFilterProxy.java:270)
	at org.apache.catalina.core.ApplicationFilterChain.internalDoFilter(ApplicationFilterChain.java:193)
	at org.apache.catalina.core.ApplicationFilterChain.doFilter(ApplicationFilterChain.java:166)
	at org.springframework.web.filter.RequestContextFilter.doFilterInternal(RequestContextFilter.java:99)
	at org.springframework.web.filter.OncePerRequestFilter.doFilter(OncePerRequestFilter.java:107)
	at org.apache.catalina.core.ApplicationFilterChain.internalDoFilter(ApplicationFilterChain.java:193)
	at org.apache.catalina.core.ApplicationFilterChain.doFilter(ApplicationFilterChain.java:166)
	at org.springframework.web.filter.HttpPutFormContentFilter.doFilterInternal(HttpPutFormContentFilter.java:109)
	at org.springframework.web.filter.OncePerRequestFilter.doFilter(OncePerRequestFilter.java:107)
	at org.apache.catalina.core.ApplicationFilterChain.internalDoFilter(ApplicationFilterChain.java:193)
	at org.apache.catalina.core.ApplicationFilterChain.doFilter(ApplicationFilterChain.java:166)
	at org.springframework.web.filter.HiddenHttpMethodFilter.doFilterInternal(HiddenHttpMethodFilter.java:81)
	at org.springframework.web.filter.OncePerRequestFilter.doFilter(OncePerRequestFilter.java:107)
	at org.apache.catalina.core.ApplicationFilterChain.internalDoFilter(ApplicationFilterChain.java:193)
	at org.apache.catalina.core.ApplicationFilterChain.doFilter(ApplicationFilterChain.java:166)
	at org.springframework.web.filter.CharacterEncodingFilter.doFilterInternal(CharacterEncodingFilter.java:200)
	at org.springframework.web.filter.OncePerRequestFilter.doFilter(OncePerRequestFilter.java:107)
	at org.apache.catalina.core.ApplicationFilterChain.internalDoFilter(ApplicationFilterChain.java:193)
	at org.apache.catalina.core.ApplicationFilterChain.doFilter(ApplicationFilterChain.java:166)
	at org.apache.catalina.core.StandardWrapperValve.invoke(StandardWrapperValve.java:199)
	at org.apache.catalina.core.StandardContextValve.invoke(StandardContextValve.java:96)
	at org.apache.catalina.authenticator.AuthenticatorBase.invoke(AuthenticatorBase.java:496)
	at org.apache.catalina.core.StandardHostValve.invoke(StandardHostValve.java:140)
	at org.apache.catalina.valves.ErrorReportValve.invoke(ErrorReportValve.java:81)
	at org.apache.catalina.core.StandardEngineValve.invoke(StandardEngineValve.java:87)
	at org.apache.catalina.connector.CoyoteAdapter.service(CoyoteAdapter.java:342)
	at org.apache.coyote.http11.Http11Processor.service(Http11Processor.java:803)
	at org.apache.coyote.AbstractProcessorLight.process(AbstractProcessorLight.java:66)
	at org.apache.coyote.AbstractProtocol$ConnectionHandler.process(AbstractProtocol.java:790)
	at org.apache.tomcat.util.net.NioEndpoint$SocketProcessor.doRun(NioEndpoint.java:1459)
	at org.apache.tomcat.util.net.SocketProcessorBase.run(SocketProcessorBase.java:49)
	at java.util.concurrent.ThreadPoolExecutor.runWorker(ThreadPoolExecutor.java:1149)
	at java.util.concurrent.ThreadPoolExecutor$Worker.run(ThreadPoolExecutor.java:624)
	at org.apache.tomcat.util.threads.TaskThread$WrappingRunnable.run(TaskThread.java:61)
	at java.lang.Thread.run(Thread.java:748)
"2018-06-28 10:05:59 [http-nio-8080-exec-1] INFO  c.t.j.o.c.LoggingAspect$$EnhancerBySpringCGLIB$$2de9e444 - Controller Allowed execution for execution(ResponseEntity com.test.jwt.ownApp.controller.AuthController.authenticateUser(LoginRequest))
""2018-06-28 10:06:13 [http-nio-8080-exec-1] DEBUG org.hibernate.SQL - select user0_.id as id1_4_, user0_.created_at as created_2_4_, user0_.updated_at as updated_3_4_, user0_.email as email4_4_, user0_.name as name5_4_, user0_.password as password6_4_, user0_.username as username7_4_ from users user0_ where user0_.username=? or user0_.email=?
""2018-06-28 10:07:25 [http-nio-8080-exec-2] DEBUG org.hibernate.SQL - select user0_.id as id1_4_0_, user0_.created_at as created_2_4_0_, user0_.updated_at as updated_3_4_0_, user0_.email as email4_4_0_, user0_.name as name5_4_0_, user0_.password as password6_4_0_, user0_.username as username7_4_0_ from users user0_ where user0_.id=?
""2018-06-28 10:07:25 [http-nio-8080-exec-2] ERROR c.t.j.o.s.JwtAuthenticationFilter - Could not set user authentication in security context
"com.test.jwt.ownApp.exception.ResourceNotFoundException: User not found with id : '1'
	at com.test.jwt.ownApp.security.CustomUserDetailsService.lambda$loadUserById$1(CustomUserDetailsService.java:40)
	at java.util.Optional.orElseThrow(Optional.java:290)
	at com.test.jwt.ownApp.security.CustomUserDetailsService.loadUserById(CustomUserDetailsService.java:39)
	at com.test.jwt.ownApp.security.CustomUserDetailsService$$FastClassBySpringCGLIB$$d12270a0.invoke(<generated>)
	at org.springframework.cglib.proxy.MethodProxy.invoke(MethodProxy.java:204)
	at org.springframework.aop.framework.CglibAopProxy$CglibMethodInvocation.invokeJoinpoint(CglibAopProxy.java:747)
	at org.springframework.aop.framework.ReflectiveMethodInvocation.proceed(ReflectiveMethodInvocation.java:163)
	at org.springframework.transaction.interceptor.TransactionAspectSupport.invokeWithinTransaction(TransactionAspectSupport.java:294)
	at org.springframework.transaction.interceptor.TransactionInterceptor.invoke(TransactionInterceptor.java:98)
	at org.springframework.aop.framework.ReflectiveMethodInvocation.proceed(ReflectiveMethodInvocation.java:185)
	at org.springframework.aop.framework.CglibAopProxy$DynamicAdvisedInterceptor.intercept(CglibAopProxy.java:689)
	at com.test.jwt.ownApp.security.CustomUserDetailsService$$EnhancerBySpringCGLIB$$c6338050.loadUserById(<generated>)
	at com.test.jwt.ownApp.security.JwtAuthenticationFilter.doFilterInternal(JwtAuthenticationFilter.java:50)
	at org.springframework.web.filter.OncePerRequestFilter.doFilter(OncePerRequestFilter.java:107)
	at org.springframework.security.web.FilterChainProxy$VirtualFilterChain.doFilter(FilterChainProxy.java:334)
	at org.springframework.security.web.authentication.logout.LogoutFilter.doFilter(LogoutFilter.java:116)
	at org.springframework.security.web.FilterChainProxy$VirtualFilterChain.doFilter(FilterChainProxy.java:334)
	at org.springframework.web.filter.CorsFilter.doFilterInternal(CorsFilter.java:96)
	at org.springframework.web.filter.OncePerRequestFilter.doFilter(OncePerRequestFilter.java:107)
	at org.springframework.security.web.FilterChainProxy$VirtualFilterChain.doFilter(FilterChainProxy.java:334)
	at org.springframework.security.web.header.HeaderWriterFilter.doFilterInternal(HeaderWriterFilter.java:66)
	at org.springframework.web.filter.OncePerRequestFilter.doFilter(OncePerRequestFilter.java:107)
	at org.springframework.security.web.FilterChainProxy$VirtualFilterChain.doFilter(FilterChainProxy.java:334)
	at org.springframework.security.web.context.SecurityContextPersistenceFilter.doFilter(SecurityContextPersistenceFilter.java:105)
	at org.springframework.security.web.FilterChainProxy$VirtualFilterChain.doFilter(FilterChainProxy.java:334)
	at org.springframework.security.web.context.request.async.WebAsyncManagerIntegrationFilter.doFilterInternal(WebAsyncManagerIntegrationFilter.java:56)
	at org.springframework.web.filter.OncePerRequestFilter.doFilter(OncePerRequestFilter.java:107)
	at org.springframework.security.web.FilterChainProxy$VirtualFilterChain.doFilter(FilterChainProxy.java:334)
	at org.springframework.security.web.FilterChainProxy.doFilterInternal(FilterChainProxy.java:215)
	at org.springframework.security.web.FilterChainProxy.doFilter(FilterChainProxy.java:178)
	at org.springframework.web.filter.DelegatingFilterProxy.invokeDelegate(DelegatingFilterProxy.java:357)
	at org.springframework.web.filter.DelegatingFilterProxy.doFilter(DelegatingFilterProxy.java:270)
	at org.apache.catalina.core.ApplicationFilterChain.internalDoFilter(ApplicationFilterChain.java:193)
	at org.apache.catalina.core.ApplicationFilterChain.doFilter(ApplicationFilterChain.java:166)
	at org.springframework.web.filter.RequestContextFilter.doFilterInternal(RequestContextFilter.java:99)
	at org.springframework.web.filter.OncePerRequestFilter.doFilter(OncePerRequestFilter.java:107)
	at org.apache.catalina.core.ApplicationFilterChain.internalDoFilter(ApplicationFilterChain.java:193)
	at org.apache.catalina.core.ApplicationFilterChain.doFilter(ApplicationFilterChain.java:166)
	at org.springframework.web.filter.HttpPutFormContentFilter.doFilterInternal(HttpPutFormContentFilter.java:109)
	at org.springframework.web.filter.OncePerRequestFilter.doFilter(OncePerRequestFilter.java:107)
	at org.apache.catalina.core.ApplicationFilterChain.internalDoFilter(ApplicationFilterChain.java:193)
	at org.apache.catalina.core.ApplicationFilterChain.doFilter(ApplicationFilterChain.java:166)
	at org.springframework.web.filter.HiddenHttpMethodFilter.doFilterInternal(HiddenHttpMethodFilter.java:81)
	at org.springframework.web.filter.OncePerRequestFilter.doFilter(OncePerRequestFilter.java:107)
	at org.apache.catalina.core.ApplicationFilterChain.internalDoFilter(ApplicationFilterChain.java:193)
	at org.apache.catalina.core.ApplicationFilterChain.doFilter(ApplicationFilterChain.java:166)
	at org.springframework.web.filter.CharacterEncodingFilter.doFilterInternal(CharacterEncodingFilter.java:200)
	at org.springframework.web.filter.OncePerRequestFilter.doFilter(OncePerRequestFilter.java:107)
	at org.apache.catalina.core.ApplicationFilterChain.internalDoFilter(ApplicationFilterChain.java:193)
	at org.apache.catalina.core.ApplicationFilterChain.doFilter(ApplicationFilterChain.java:166)
	at org.apache.catalina.core.StandardWrapperValve.invoke(StandardWrapperValve.java:199)
	at org.apache.catalina.core.StandardContextValve.invoke(StandardContextValve.java:96)
	at org.apache.catalina.authenticator.AuthenticatorBase.invoke(AuthenticatorBase.java:496)
	at org.apache.catalina.core.StandardHostValve.invoke(StandardHostValve.java:140)
	at org.apache.catalina.valves.ErrorReportValve.invoke(ErrorReportValve.java:81)
	at org.apache.catalina.core.StandardEngineValve.invoke(StandardEngineValve.java:87)
	at org.apache.catalina.connector.CoyoteAdapter.service(CoyoteAdapter.java:342)
	at org.apache.coyote.http11.Http11Processor.service(Http11Processor.java:803)
	at org.apache.coyote.AbstractProcessorLight.process(AbstractProcessorLight.java:66)
	at org.apache.coyote.AbstractProtocol$ConnectionHandler.process(AbstractProtocol.java:790)
	at org.apache.tomcat.util.net.NioEndpoint$SocketProcessor.doRun(NioEndpoint.java:1459)
	at org.apache.tomcat.util.net.SocketProcessorBase.run(SocketProcessorBase.java:49)
	at java.util.concurrent.ThreadPoolExecutor.runWorker(ThreadPoolExecutor.java:1149)
	at java.util.concurrent.ThreadPoolExecutor$Worker.run(ThreadPoolExecutor.java:624)
	at org.apache.tomcat.util.threads.TaskThread$WrappingRunnable.run(TaskThread.java:61)
	at java.lang.Thread.run(Thread.java:748)
"2018-06-28 10:07:25 [http-nio-8080-exec-2] INFO  c.t.j.o.c.LoggingAspect$$EnhancerBySpringCGLIB$$2de9e444 - Controller Allowed execution for execution(ResponseEntity com.test.jwt.ownApp.controller.AuthController.authenticateUser(LoginRequest))
""2018-06-28 10:07:36 [http-nio-8080-exec-2] DEBUG org.hibernate.SQL - select user0_.id as id1_4_, user0_.created_at as created_2_4_, user0_.updated_at as updated_3_4_, user0_.email as email4_4_, user0_.name as name5_4_, user0_.password as password6_4_, user0_.username as username7_4_ from users user0_ where user0_.username=? or user0_.email=?
""2018-06-28 10:08:18 [http-nio-8080-exec-3] DEBUG org.hibernate.SQL - select user0_.id as id1_4_0_, user0_.created_at as created_2_4_0_, user0_.updated_at as updated_3_4_0_, user0_.email as email4_4_0_, user0_.name as name5_4_0_, user0_.password as password6_4_0_, user0_.username as username7_4_0_ from users user0_ where user0_.id=?
""2018-06-28 10:08:18 [http-nio-8080-exec-3] ERROR c.t.j.o.s.JwtAuthenticationFilter - Could not set user authentication in security context
"com.test.jwt.ownApp.exception.ResourceNotFoundException: User not found with id : '1'
	at com.test.jwt.ownApp.security.CustomUserDetailsService.lambda$loadUserById$1(CustomUserDetailsService.java:40)
	at java.util.Optional.orElseThrow(Optional.java:290)
	at com.test.jwt.ownApp.security.CustomUserDetailsService.loadUserById(CustomUserDetailsService.java:39)
	at com.test.jwt.ownApp.security.CustomUserDetailsService$$FastClassBySpringCGLIB$$d12270a0.invoke(<generated>)
	at org.springframework.cglib.proxy.MethodProxy.invoke(MethodProxy.java:204)
	at org.springframework.aop.framework.CglibAopProxy$CglibMethodInvocation.invokeJoinpoint(CglibAopProxy.java:747)
	at org.springframework.aop.framework.ReflectiveMethodInvocation.proceed(ReflectiveMethodInvocation.java:163)
	at org.springframework.transaction.interceptor.TransactionAspectSupport.invokeWithinTransaction(TransactionAspectSupport.java:294)
	at org.springframework.transaction.interceptor.TransactionInterceptor.invoke(TransactionInterceptor.java:98)
	at org.springframework.aop.framework.ReflectiveMethodInvocation.proceed(ReflectiveMethodInvocation.java:185)
	at org.springframework.aop.framework.CglibAopProxy$DynamicAdvisedInterceptor.intercept(CglibAopProxy.java:689)
	at com.test.jwt.ownApp.security.CustomUserDetailsService$$EnhancerBySpringCGLIB$$c6338050.loadUserById(<generated>)
	at com.test.jwt.ownApp.security.JwtAuthenticationFilter.doFilterInternal(JwtAuthenticationFilter.java:50)
	at org.springframework.web.filter.OncePerRequestFilter.doFilter(OncePerRequestFilter.java:107)
	at org.springframework.security.web.FilterChainProxy$VirtualFilterChain.doFilter(FilterChainProxy.java:334)
	at org.springframework.security.web.authentication.logout.LogoutFilter.doFilter(LogoutFilter.java:116)
	at org.springframework.security.web.FilterChainProxy$VirtualFilterChain.doFilter(FilterChainProxy.java:334)
	at org.springframework.web.filter.CorsFilter.doFilterInternal(CorsFilter.java:96)
	at org.springframework.web.filter.OncePerRequestFilter.doFilter(OncePerRequestFilter.java:107)
	at org.springframework.security.web.FilterChainProxy$VirtualFilterChain.doFilter(FilterChainProxy.java:334)
	at org.springframework.security.web.header.HeaderWriterFilter.doFilterInternal(HeaderWriterFilter.java:66)
	at org.springframework.web.filter.OncePerRequestFilter.doFilter(OncePerRequestFilter.java:107)
	at org.springframework.security.web.FilterChainProxy$VirtualFilterChain.doFilter(FilterChainProxy.java:334)
	at org.springframework.security.web.context.SecurityContextPersistenceFilter.doFilter(SecurityContextPersistenceFilter.java:105)
	at org.springframework.security.web.FilterChainProxy$VirtualFilterChain.doFilter(FilterChainProxy.java:334)
	at org.springframework.security.web.context.request.async.WebAsyncManagerIntegrationFilter.doFilterInternal(WebAsyncManagerIntegrationFilter.java:56)
	at org.springframework.web.filter.OncePerRequestFilter.doFilter(OncePerRequestFilter.java:107)
	at org.springframework.security.web.FilterChainProxy$VirtualFilterChain.doFilter(FilterChainProxy.java:334)
	at org.springframework.security.web.FilterChainProxy.doFilterInternal(FilterChainProxy.java:215)
	at org.springframework.security.web.FilterChainProxy.doFilter(FilterChainProxy.java:178)
	at org.springframework.web.filter.DelegatingFilterProxy.invokeDelegate(DelegatingFilterProxy.java:357)
	at org.springframework.web.filter.DelegatingFilterProxy.doFilter(DelegatingFilterProxy.java:270)
	at org.apache.catalina.core.ApplicationFilterChain.internalDoFilter(ApplicationFilterChain.java:193)
	at org.apache.catalina.core.ApplicationFilterChain.doFilter(ApplicationFilterChain.java:166)
	at org.springframework.web.filter.RequestContextFilter.doFilterInternal(RequestContextFilter.java:99)
	at org.springframework.web.filter.OncePerRequestFilter.doFilter(OncePerRequestFilter.java:107)
	at org.apache.catalina.core.ApplicationFilterChain.internalDoFilter(ApplicationFilterChain.java:193)
	at org.apache.catalina.core.ApplicationFilterChain.doFilter(ApplicationFilterChain.java:166)
	at org.springframework.web.filter.HttpPutFormContentFilter.doFilterInternal(HttpPutFormContentFilter.java:109)
	at org.springframework.web.filter.OncePerRequestFilter.doFilter(OncePerRequestFilter.java:107)
	at org.apache.catalina.core.ApplicationFilterChain.internalDoFilter(ApplicationFilterChain.java:193)
	at org.apache.catalina.core.ApplicationFilterChain.doFilter(ApplicationFilterChain.java:166)
	at org.springframework.web.filter.HiddenHttpMethodFilter.doFilterInternal(HiddenHttpMethodFilter.java:81)
	at org.springframework.web.filter.OncePerRequestFilter.doFilter(OncePerRequestFilter.java:107)
	at org.apache.catalina.core.ApplicationFilterChain.internalDoFilter(ApplicationFilterChain.java:193)
	at org.apache.catalina.core.ApplicationFilterChain.doFilter(ApplicationFilterChain.java:166)
	at org.springframework.web.filter.CharacterEncodingFilter.doFilterInternal(CharacterEncodingFilter.java:200)
	at org.springframework.web.filter.OncePerRequestFilter.doFilter(OncePerRequestFilter.java:107)
	at org.apache.catalina.core.ApplicationFilterChain.internalDoFilter(ApplicationFilterChain.java:193)
	at org.apache.catalina.core.ApplicationFilterChain.doFilter(ApplicationFilterChain.java:166)
	at org.apache.catalina.core.StandardWrapperValve.invoke(StandardWrapperValve.java:199)
	at org.apache.catalina.core.StandardContextValve.invoke(StandardContextValve.java:96)
	at org.apache.catalina.authenticator.AuthenticatorBase.invoke(AuthenticatorBase.java:496)
	at org.apache.catalina.core.StandardHostValve.invoke(StandardHostValve.java:140)
	at org.apache.catalina.valves.ErrorReportValve.invoke(ErrorReportValve.java:81)
	at org.apache.catalina.core.StandardEngineValve.invoke(StandardEngineValve.java:87)
	at org.apache.catalina.connector.CoyoteAdapter.service(CoyoteAdapter.java:342)
	at org.apache.coyote.http11.Http11Processor.service(Http11Processor.java:803)
	at org.apache.coyote.AbstractProcessorLight.process(AbstractProcessorLight.java:66)
	at org.apache.coyote.AbstractProtocol$ConnectionHandler.process(AbstractProtocol.java:790)
	at org.apache.tomcat.util.net.NioEndpoint$SocketProcessor.doRun(NioEndpoint.java:1459)
	at org.apache.tomcat.util.net.SocketProcessorBase.run(SocketProcessorBase.java:49)
	at java.util.concurrent.ThreadPoolExecutor.runWorker(ThreadPoolExecutor.java:1149)
	at java.util.concurrent.ThreadPoolExecutor$Worker.run(ThreadPoolExecutor.java:624)
	at org.apache.tomcat.util.threads.TaskThread$WrappingRunnable.run(TaskThread.java:61)
	at java.lang.Thread.run(Thread.java:748)
"2018-06-28 10:08:18 [http-nio-8080-exec-3] INFO  c.t.j.o.c.LoggingAspect$$EnhancerBySpringCGLIB$$2de9e444 - Controller Allowed execution for execution(ResponseEntity com.test.jwt.ownApp.controller.AuthController.authenticateUser(LoginRequest))
""2018-06-28 10:08:23 [http-nio-8080-exec-3] DEBUG org.hibernate.SQL - select user0_.id as id1_4_, user0_.created_at as created_2_4_, user0_.updated_at as updated_3_4_, user0_.email as email4_4_, user0_.name as name5_4_, user0_.password as password6_4_, user0_.username as username7_4_ from users user0_ where user0_.username=? or user0_.email=?
""2018-06-28 10:14:54 [http-nio-8080-exec-5] DEBUG org.hibernate.SQL - select user0_.id as id1_4_0_, user0_.created_at as created_2_4_0_, user0_.updated_at as updated_3_4_0_, user0_.email as email4_4_0_, user0_.name as name5_4_0_, user0_.password as password6_4_0_, user0_.username as username7_4_0_ from users user0_ where user0_.id=?
""2018-06-28 10:14:54 [http-nio-8080-exec-5] ERROR c.t.j.o.s.JwtAuthenticationFilter - Could not set user authentication in security context
"com.test.jwt.ownApp.exception.ResourceNotFoundException: User not found with id : '1'
	at com.test.jwt.ownApp.security.CustomUserDetailsService.lambda$loadUserById$1(CustomUserDetailsService.java:40)
	at java.util.Optional.orElseThrow(Optional.java:290)
	at com.test.jwt.ownApp.security.CustomUserDetailsService.loadUserById(CustomUserDetailsService.java:39)
	at com.test.jwt.ownApp.security.CustomUserDetailsService$$FastClassBySpringCGLIB$$d12270a0.invoke(<generated>)
	at org.springframework.cglib.proxy.MethodProxy.invoke(MethodProxy.java:204)
	at org.springframework.aop.framework.CglibAopProxy$CglibMethodInvocation.invokeJoinpoint(CglibAopProxy.java:747)
	at org.springframework.aop.framework.ReflectiveMethodInvocation.proceed(ReflectiveMethodInvocation.java:163)
	at org.springframework.transaction.interceptor.TransactionAspectSupport.invokeWithinTransaction(TransactionAspectSupport.java:294)
	at org.springframework.transaction.interceptor.TransactionInterceptor.invoke(TransactionInterceptor.java:98)
	at org.springframework.aop.framework.ReflectiveMethodInvocation.proceed(ReflectiveMethodInvocation.java:185)
	at org.springframework.aop.framework.CglibAopProxy$DynamicAdvisedInterceptor.intercept(CglibAopProxy.java:689)
	at com.test.jwt.ownApp.security.CustomUserDetailsService$$EnhancerBySpringCGLIB$$c6338050.loadUserById(<generated>)
	at com.test.jwt.ownApp.security.JwtAuthenticationFilter.doFilterInternal(JwtAuthenticationFilter.java:50)
	at org.springframework.web.filter.OncePerRequestFilter.doFilter(OncePerRequestFilter.java:107)
	at org.springframework.security.web.FilterChainProxy$VirtualFilterChain.doFilter(FilterChainProxy.java:334)
	at org.springframework.security.web.authentication.logout.LogoutFilter.doFilter(LogoutFilter.java:116)
	at org.springframework.security.web.FilterChainProxy$VirtualFilterChain.doFilter(FilterChainProxy.java:334)
	at org.springframework.web.filter.CorsFilter.doFilterInternal(CorsFilter.java:96)
	at org.springframework.web.filter.OncePerRequestFilter.doFilter(OncePerRequestFilter.java:107)
	at org.springframework.security.web.FilterChainProxy$VirtualFilterChain.doFilter(FilterChainProxy.java:334)
	at org.springframework.security.web.header.HeaderWriterFilter.doFilterInternal(HeaderWriterFilter.java:66)
	at org.springframework.web.filter.OncePerRequestFilter.doFilter(OncePerRequestFilter.java:107)
	at org.springframework.security.web.FilterChainProxy$VirtualFilterChain.doFilter(FilterChainProxy.java:334)
	at org.springframework.security.web.context.SecurityContextPersistenceFilter.doFilter(SecurityContextPersistenceFilter.java:105)
	at org.springframework.security.web.FilterChainProxy$VirtualFilterChain.doFilter(FilterChainProxy.java:334)
	at org.springframework.security.web.context.request.async.WebAsyncManagerIntegrationFilter.doFilterInternal(WebAsyncManagerIntegrationFilter.java:56)
	at org.springframework.web.filter.OncePerRequestFilter.doFilter(OncePerRequestFilter.java:107)
	at org.springframework.security.web.FilterChainProxy$VirtualFilterChain.doFilter(FilterChainProxy.java:334)
	at org.springframework.security.web.FilterChainProxy.doFilterInternal(FilterChainProxy.java:215)
	at org.springframework.security.web.FilterChainProxy.doFilter(FilterChainProxy.java:178)
	at org.springframework.web.filter.DelegatingFilterProxy.invokeDelegate(DelegatingFilterProxy.java:357)
	at org.springframework.web.filter.DelegatingFilterProxy.doFilter(DelegatingFilterProxy.java:270)
	at org.apache.catalina.core.ApplicationFilterChain.internalDoFilter(ApplicationFilterChain.java:193)
	at org.apache.catalina.core.ApplicationFilterChain.doFilter(ApplicationFilterChain.java:166)
	at org.springframework.web.filter.RequestContextFilter.doFilterInternal(RequestContextFilter.java:99)
	at org.springframework.web.filter.OncePerRequestFilter.doFilter(OncePerRequestFilter.java:107)
	at org.apache.catalina.core.ApplicationFilterChain.internalDoFilter(ApplicationFilterChain.java:193)
	at org.apache.catalina.core.ApplicationFilterChain.doFilter(ApplicationFilterChain.java:166)
	at org.springframework.web.filter.HttpPutFormContentFilter.doFilterInternal(HttpPutFormContentFilter.java:109)
	at org.springframework.web.filter.OncePerRequestFilter.doFilter(OncePerRequestFilter.java:107)
	at org.apache.catalina.core.ApplicationFilterChain.internalDoFilter(ApplicationFilterChain.java:193)
	at org.apache.catalina.core.ApplicationFilterChain.doFilter(ApplicationFilterChain.java:166)
	at org.springframework.web.filter.HiddenHttpMethodFilter.doFilterInternal(HiddenHttpMethodFilter.java:81)
	at org.springframework.web.filter.OncePerRequestFilter.doFilter(OncePerRequestFilter.java:107)
	at org.apache.catalina.core.ApplicationFilterChain.internalDoFilter(ApplicationFilterChain.java:193)
	at org.apache.catalina.core.ApplicationFilterChain.doFilter(ApplicationFilterChain.java:166)
	at org.springframework.web.filter.CharacterEncodingFilter.doFilterInternal(CharacterEncodingFilter.java:200)
	at org.springframework.web.filter.OncePerRequestFilter.doFilter(OncePerRequestFilter.java:107)
	at org.apache.catalina.core.ApplicationFilterChain.internalDoFilter(ApplicationFilterChain.java:193)
	at org.apache.catalina.core.ApplicationFilterChain.doFilter(ApplicationFilterChain.java:166)
	at org.apache.catalina.core.StandardWrapperValve.invoke(StandardWrapperValve.java:199)
	at org.apache.catalina.core.StandardContextValve.invoke(StandardContextValve.java:96)
	at org.apache.catalina.authenticator.AuthenticatorBase.invoke(AuthenticatorBase.java:496)
	at org.apache.catalina.core.StandardHostValve.invoke(StandardHostValve.java:140)
	at org.apache.catalina.valves.ErrorReportValve.invoke(ErrorReportValve.java:81)
	at org.apache.catalina.core.StandardEngineValve.invoke(StandardEngineValve.java:87)
	at org.apache.catalina.connector.CoyoteAdapter.service(CoyoteAdapter.java:342)
	at org.apache.coyote.http11.Http11Processor.service(Http11Processor.java:803)
	at org.apache.coyote.AbstractProcessorLight.process(AbstractProcessorLight.java:66)
	at org.apache.coyote.AbstractProtocol$ConnectionHandler.process(AbstractProtocol.java:790)
	at org.apache.tomcat.util.net.NioEndpoint$SocketProcessor.doRun(NioEndpoint.java:1459)
	at org.apache.tomcat.util.net.SocketProcessorBase.run(SocketProcessorBase.java:49)
	at java.util.concurrent.ThreadPoolExecutor.runWorker(ThreadPoolExecutor.java:1149)
	at java.util.concurrent.ThreadPoolExecutor$Worker.run(ThreadPoolExecutor.java:624)
	at org.apache.tomcat.util.threads.TaskThread$WrappingRunnable.run(TaskThread.java:61)
	at java.lang.Thread.run(Thread.java:748)
"2018-06-28 10:15:00 [http-nio-8080-exec-7] DEBUG org.hibernate.SQL - select user0_.id as id1_4_0_, user0_.created_at as created_2_4_0_, user0_.updated_at as updated_3_4_0_, user0_.email as email4_4_0_, user0_.name as name5_4_0_, user0_.password as password6_4_0_, user0_.username as username7_4_0_ from users user0_ where user0_.id=?
""2018-06-28 10:15:00 [http-nio-8080-exec-7] ERROR c.t.j.o.s.JwtAuthenticationFilter - Could not set user authentication in security context
"com.test.jwt.ownApp.exception.ResourceNotFoundException: User not found with id : '1'
	at com.test.jwt.ownApp.security.CustomUserDetailsService.lambda$loadUserById$1(CustomUserDetailsService.java:40)
	at java.util.Optional.orElseThrow(Optional.java:290)
	at com.test.jwt.ownApp.security.CustomUserDetailsService.loadUserById(CustomUserDetailsService.java:39)
	at com.test.jwt.ownApp.security.CustomUserDetailsService$$FastClassBySpringCGLIB$$d12270a0.invoke(<generated>)
	at org.springframework.cglib.proxy.MethodProxy.invoke(MethodProxy.java:204)
	at org.springframework.aop.framework.CglibAopProxy$CglibMethodInvocation.invokeJoinpoint(CglibAopProxy.java:747)
	at org.springframework.aop.framework.ReflectiveMethodInvocation.proceed(ReflectiveMethodInvocation.java:163)
	at org.springframework.transaction.interceptor.TransactionAspectSupport.invokeWithinTransaction(TransactionAspectSupport.java:294)
	at org.springframework.transaction.interceptor.TransactionInterceptor.invoke(TransactionInterceptor.java:98)
	at org.springframework.aop.framework.ReflectiveMethodInvocation.proceed(ReflectiveMethodInvocation.java:185)
	at org.springframework.aop.framework.CglibAopProxy$DynamicAdvisedInterceptor.intercept(CglibAopProxy.java:689)
	at com.test.jwt.ownApp.security.CustomUserDetailsService$$EnhancerBySpringCGLIB$$c6338050.loadUserById(<generated>)
	at com.test.jwt.ownApp.security.JwtAuthenticationFilter.doFilterInternal(JwtAuthenticationFilter.java:50)
	at org.springframework.web.filter.OncePerRequestFilter.doFilter(OncePerRequestFilter.java:107)
	at org.springframework.security.web.FilterChainProxy$VirtualFilterChain.doFilter(FilterChainProxy.java:334)
	at org.springframework.security.web.authentication.logout.LogoutFilter.doFilter(LogoutFilter.java:116)
	at org.springframework.security.web.FilterChainProxy$VirtualFilterChain.doFilter(FilterChainProxy.java:334)
	at org.springframework.web.filter.CorsFilter.doFilterInternal(CorsFilter.java:96)
	at org.springframework.web.filter.OncePerRequestFilter.doFilter(OncePerRequestFilter.java:107)
	at org.springframework.security.web.FilterChainProxy$VirtualFilterChain.doFilter(FilterChainProxy.java:334)
	at org.springframework.security.web.header.HeaderWriterFilter.doFilterInternal(HeaderWriterFilter.java:66)
	at org.springframework.web.filter.OncePerRequestFilter.doFilter(OncePerRequestFilter.java:107)
	at org.springframework.security.web.FilterChainProxy$VirtualFilterChain.doFilter(FilterChainProxy.java:334)
	at org.springframework.security.web.context.SecurityContextPersistenceFilter.doFilter(SecurityContextPersistenceFilter.java:105)
	at org.springframework.security.web.FilterChainProxy$VirtualFilterChain.doFilter(FilterChainProxy.java:334)
	at org.springframework.security.web.context.request.async.WebAsyncManagerIntegrationFilter.doFilterInternal(WebAsyncManagerIntegrationFilter.java:56)
	at org.springframework.web.filter.OncePerRequestFilter.doFilter(OncePerRequestFilter.java:107)
	at org.springframework.security.web.FilterChainProxy$VirtualFilterChain.doFilter(FilterChainProxy.java:334)
	at org.springframework.security.web.FilterChainProxy.doFilterInternal(FilterChainProxy.java:215)
	at org.springframework.security.web.FilterChainProxy.doFilter(FilterChainProxy.java:178)
	at org.springframework.web.filter.DelegatingFilterProxy.invokeDelegate(DelegatingFilterProxy.java:357)
	at org.springframework.web.filter.DelegatingFilterProxy.doFilter(DelegatingFilterProxy.java:270)
	at org.apache.catalina.core.ApplicationFilterChain.internalDoFilter(ApplicationFilterChain.java:193)
	at org.apache.catalina.core.ApplicationFilterChain.doFilter(ApplicationFilterChain.java:166)
	at org.springframework.web.filter.RequestContextFilter.doFilterInternal(RequestContextFilter.java:99)
	at org.springframework.web.filter.OncePerRequestFilter.doFilter(OncePerRequestFilter.java:107)
	at org.apache.catalina.core.ApplicationFilterChain.internalDoFilter(ApplicationFilterChain.java:193)
	at org.apache.catalina.core.ApplicationFilterChain.doFilter(ApplicationFilterChain.java:166)
	at org.springframework.web.filter.HttpPutFormContentFilter.doFilterInternal(HttpPutFormContentFilter.java:109)
	at org.springframework.web.filter.OncePerRequestFilter.doFilter(OncePerRequestFilter.java:107)
	at org.apache.catalina.core.ApplicationFilterChain.internalDoFilter(ApplicationFilterChain.java:193)
	at org.apache.catalina.core.ApplicationFilterChain.doFilter(ApplicationFilterChain.java:166)
	at org.springframework.web.filter.HiddenHttpMethodFilter.doFilterInternal(HiddenHttpMethodFilter.java:81)
	at org.springframework.web.filter.OncePerRequestFilter.doFilter(OncePerRequestFilter.java:107)
	at org.apache.catalina.core.ApplicationFilterChain.internalDoFilter(ApplicationFilterChain.java:193)
	at org.apache.catalina.core.ApplicationFilterChain.doFilter(ApplicationFilterChain.java:166)
	at org.springframework.web.filter.CharacterEncodingFilter.doFilterInternal(CharacterEncodingFilter.java:200)
	at org.springframework.web.filter.OncePerRequestFilter.doFilter(OncePerRequestFilter.java:107)
	at org.apache.catalina.core.ApplicationFilterChain.internalDoFilter(ApplicationFilterChain.java:193)
	at org.apache.catalina.core.ApplicationFilterChain.doFilter(ApplicationFilterChain.java:166)
	at org.apache.catalina.core.StandardWrapperValve.invoke(StandardWrapperValve.java:199)
	at org.apache.catalina.core.StandardContextValve.invoke(StandardContextValve.java:96)
	at org.apache.catalina.authenticator.AuthenticatorBase.invoke(AuthenticatorBase.java:496)
	at org.apache.catalina.core.StandardHostValve.invoke(StandardHostValve.java:140)
	at org.apache.catalina.valves.ErrorReportValve.invoke(ErrorReportValve.java:81)
	at org.apache.catalina.core.StandardEngineValve.invoke(StandardEngineValve.java:87)
	at org.apache.catalina.connector.CoyoteAdapter.service(CoyoteAdapter.java:342)
	at org.apache.coyote.http11.Http11Processor.service(Http11Processor.java:803)
	at org.apache.coyote.AbstractProcessorLight.process(AbstractProcessorLight.java:66)
	at org.apache.coyote.AbstractProtocol$ConnectionHandler.process(AbstractProtocol.java:790)
	at org.apache.tomcat.util.net.NioEndpoint$SocketProcessor.doRun(NioEndpoint.java:1459)
	at org.apache.tomcat.util.net.SocketProcessorBase.run(SocketProcessorBase.java:49)
	at java.util.concurrent.ThreadPoolExecutor.runWorker(ThreadPoolExecutor.java:1149)
	at java.util.concurrent.ThreadPoolExecutor$Worker.run(ThreadPoolExecutor.java:624)
	at org.apache.tomcat.util.threads.TaskThread$WrappingRunnable.run(TaskThread.java:61)
	at java.lang.Thread.run(Thread.java:748)
"2018-06-28 10:15:05 [http-nio-8080-exec-9] DEBUG org.hibernate.SQL - select user0_.id as id1_4_0_, user0_.created_at as created_2_4_0_, user0_.updated_at as updated_3_4_0_, user0_.email as email4_4_0_, user0_.name as name5_4_0_, user0_.password as password6_4_0_, user0_.username as username7_4_0_ from users user0_ where user0_.id=?
""2018-06-28 10:15:05 [http-nio-8080-exec-9] ERROR c.t.j.o.s.JwtAuthenticationFilter - Could not set user authentication in security context
"com.test.jwt.ownApp.exception.ResourceNotFoundException: User not found with id : '1'
	at com.test.jwt.ownApp.security.CustomUserDetailsService.lambda$loadUserById$1(CustomUserDetailsService.java:40)
	at java.util.Optional.orElseThrow(Optional.java:290)
	at com.test.jwt.ownApp.security.CustomUserDetailsService.loadUserById(CustomUserDetailsService.java:39)
	at com.test.jwt.ownApp.security.CustomUserDetailsService$$FastClassBySpringCGLIB$$d12270a0.invoke(<generated>)
	at org.springframework.cglib.proxy.MethodProxy.invoke(MethodProxy.java:204)
	at org.springframework.aop.framework.CglibAopProxy$CglibMethodInvocation.invokeJoinpoint(CglibAopProxy.java:747)
	at org.springframework.aop.framework.ReflectiveMethodInvocation.proceed(ReflectiveMethodInvocation.java:163)
	at org.springframework.transaction.interceptor.TransactionAspectSupport.invokeWithinTransaction(TransactionAspectSupport.java:294)
	at org.springframework.transaction.interceptor.TransactionInterceptor.invoke(TransactionInterceptor.java:98)
	at org.springframework.aop.framework.ReflectiveMethodInvocation.proceed(ReflectiveMethodInvocation.java:185)
	at org.springframework.aop.framework.CglibAopProxy$DynamicAdvisedInterceptor.intercept(CglibAopProxy.java:689)
	at com.test.jwt.ownApp.security.CustomUserDetailsService$$EnhancerBySpringCGLIB$$c6338050.loadUserById(<generated>)
	at com.test.jwt.ownApp.security.JwtAuthenticationFilter.doFilterInternal(JwtAuthenticationFilter.java:50)
	at org.springframework.web.filter.OncePerRequestFilter.doFilter(OncePerRequestFilter.java:107)
	at org.springframework.security.web.FilterChainProxy$VirtualFilterChain.doFilter(FilterChainProxy.java:334)
	at org.springframework.security.web.authentication.logout.LogoutFilter.doFilter(LogoutFilter.java:116)
	at org.springframework.security.web.FilterChainProxy$VirtualFilterChain.doFilter(FilterChainProxy.java:334)
	at org.springframework.web.filter.CorsFilter.doFilterInternal(CorsFilter.java:96)
	at org.springframework.web.filter.OncePerRequestFilter.doFilter(OncePerRequestFilter.java:107)
	at org.springframework.security.web.FilterChainProxy$VirtualFilterChain.doFilter(FilterChainProxy.java:334)
	at org.springframework.security.web.header.HeaderWriterFilter.doFilterInternal(HeaderWriterFilter.java:66)
	at org.springframework.web.filter.OncePerRequestFilter.doFilter(OncePerRequestFilter.java:107)
	at org.springframework.security.web.FilterChainProxy$VirtualFilterChain.doFilter(FilterChainProxy.java:334)
	at org.springframework.security.web.context.SecurityContextPersistenceFilter.doFilter(SecurityContextPersistenceFilter.java:105)
	at org.springframework.security.web.FilterChainProxy$VirtualFilterChain.doFilter(FilterChainProxy.java:334)
	at org.springframework.security.web.context.request.async.WebAsyncManagerIntegrationFilter.doFilterInternal(WebAsyncManagerIntegrationFilter.java:56)
	at org.springframework.web.filter.OncePerRequestFilter.doFilter(OncePerRequestFilter.java:107)
	at org.springframework.security.web.FilterChainProxy$VirtualFilterChain.doFilter(FilterChainProxy.java:334)
	at org.springframework.security.web.FilterChainProxy.doFilterInternal(FilterChainProxy.java:215)
	at org.springframework.security.web.FilterChainProxy.doFilter(FilterChainProxy.java:178)
	at org.springframework.web.filter.DelegatingFilterProxy.invokeDelegate(DelegatingFilterProxy.java:357)
	at org.springframework.web.filter.DelegatingFilterProxy.doFilter(DelegatingFilterProxy.java:270)
	at org.apache.catalina.core.ApplicationFilterChain.internalDoFilter(ApplicationFilterChain.java:193)
	at org.apache.catalina.core.ApplicationFilterChain.doFilter(ApplicationFilterChain.java:166)
	at org.springframework.web.filter.RequestContextFilter.doFilterInternal(RequestContextFilter.java:99)
	at org.springframework.web.filter.OncePerRequestFilter.doFilter(OncePerRequestFilter.java:107)
	at org.apache.catalina.core.ApplicationFilterChain.internalDoFilter(ApplicationFilterChain.java:193)
	at org.apache.catalina.core.ApplicationFilterChain.doFilter(ApplicationFilterChain.java:166)
	at org.springframework.web.filter.HttpPutFormContentFilter.doFilterInternal(HttpPutFormContentFilter.java:109)
	at org.springframework.web.filter.OncePerRequestFilter.doFilter(OncePerRequestFilter.java:107)
	at org.apache.catalina.core.ApplicationFilterChain.internalDoFilter(ApplicationFilterChain.java:193)
	at org.apache.catalina.core.ApplicationFilterChain.doFilter(ApplicationFilterChain.java:166)
	at org.springframework.web.filter.HiddenHttpMethodFilter.doFilterInternal(HiddenHttpMethodFilter.java:81)
	at org.springframework.web.filter.OncePerRequestFilter.doFilter(OncePerRequestFilter.java:107)
	at org.apache.catalina.core.ApplicationFilterChain.internalDoFilter(ApplicationFilterChain.java:193)
	at org.apache.catalina.core.ApplicationFilterChain.doFilter(ApplicationFilterChain.java:166)
	at org.springframework.web.filter.CharacterEncodingFilter.doFilterInternal(CharacterEncodingFilter.java:200)
	at org.springframework.web.filter.OncePerRequestFilter.doFilter(OncePerRequestFilter.java:107)
	at org.apache.catalina.core.ApplicationFilterChain.internalDoFilter(ApplicationFilterChain.java:193)
	at org.apache.catalina.core.ApplicationFilterChain.doFilter(ApplicationFilterChain.java:166)
	at org.apache.catalina.core.StandardWrapperValve.invoke(StandardWrapperValve.java:199)
	at org.apache.catalina.core.StandardContextValve.invoke(StandardContextValve.java:96)
	at org.apache.catalina.authenticator.AuthenticatorBase.invoke(AuthenticatorBase.java:496)
	at org.apache.catalina.core.StandardHostValve.invoke(StandardHostValve.java:140)
	at org.apache.catalina.valves.ErrorReportValve.invoke(ErrorReportValve.java:81)
	at org.apache.catalina.core.StandardEngineValve.invoke(StandardEngineValve.java:87)
	at org.apache.catalina.connector.CoyoteAdapter.service(CoyoteAdapter.java:342)
	at org.apache.coyote.http11.Http11Processor.service(Http11Processor.java:803)
	at org.apache.coyote.AbstractProcessorLight.process(AbstractProcessorLight.java:66)
	at org.apache.coyote.AbstractProtocol$ConnectionHandler.process(AbstractProtocol.java:790)
	at org.apache.tomcat.util.net.NioEndpoint$SocketProcessor.doRun(NioEndpoint.java:1459)
	at org.apache.tomcat.util.net.SocketProcessorBase.run(SocketProcessorBase.java:49)
	at java.util.concurrent.ThreadPoolExecutor.runWorker(ThreadPoolExecutor.java:1149)
	at java.util.concurrent.ThreadPoolExecutor$Worker.run(ThreadPoolExecutor.java:624)
	at org.apache.tomcat.util.threads.TaskThread$WrappingRunnable.run(TaskThread.java:61)
	at java.lang.Thread.run(Thread.java:748)
"2018-06-28 10:15:05 [http-nio-8080-exec-9] INFO  c.t.j.o.c.LoggingAspect$$EnhancerBySpringCGLIB$$2de9e444 - Controller Allowed execution for execution(ResponseEntity com.test.jwt.ownApp.controller.AuthController.registerUser(SignUpRequest))
""2018-06-28 10:15:05 [http-nio-8080-exec-9] DEBUG org.hibernate.SQL - select user0_.id as col_0_0_ from users user0_ where user0_.username=? limit ?
""2018-06-28 10:15:05 [http-nio-8080-exec-9] DEBUG org.hibernate.SQL - select user0_.id as col_0_0_ from users user0_ where user0_.email=? limit ?
""2018-06-28 10:15:05 [http-nio-8080-exec-9] DEBUG org.hibernate.SQL - select role0_.id as id1_2_, role0_.name as name2_2_ from roles role0_ where role0_.name=?
""2018-06-28 10:15:05 [http-nio-8080-exec-9] DEBUG org.hibernate.SQL - insert into users (created_at, updated_at, email, name, password, username) values (?, ?, ?, ?, ?, ?)
""2018-06-28 10:15:05 [http-nio-8080-exec-9] DEBUG org.hibernate.SQL - insert into user_roles (user_id, role_id) values (?, ?)
""2018-06-28 10:15:17 [http-nio-8080-exec-1] DEBUG org.hibernate.SQL - select user0_.id as id1_4_0_, user0_.created_at as created_2_4_0_, user0_.updated_at as updated_3_4_0_, user0_.email as email4_4_0_, user0_.name as name5_4_0_, user0_.password as password6_4_0_, user0_.username as username7_4_0_ from users user0_ where user0_.id=?
""2018-06-28 10:15:17 [http-nio-8080-exec-1] DEBUG org.hibernate.SQL - select roles0_.user_id as user_id1_3_0_, roles0_.role_id as role_id2_3_0_, role1_.id as id1_2_1_, role1_.name as name2_2_1_ from user_roles roles0_ inner join roles role1_ on roles0_.role_id=role1_.id where roles0_.user_id=?
""2018-06-28 10:15:17 [http-nio-8080-exec-1] INFO  c.t.j.o.c.LoggingAspect$$EnhancerBySpringCGLIB$$2de9e444 - Controller Allowed execution for execution(ResponseEntity com.test.jwt.ownApp.controller.AuthController.authenticateUser(LoginRequest))
""2018-06-28 10:15:17 [http-nio-8080-exec-1] DEBUG org.hibernate.SQL - select user0_.id as id1_4_, user0_.created_at as created_2_4_, user0_.updated_at as updated_3_4_, user0_.email as email4_4_, user0_.name as name5_4_, user0_.password as password6_4_, user0_.username as username7_4_ from users user0_ where user0_.username=? or user0_.email=?
""2018-06-28 10:15:17 [http-nio-8080-exec-1] DEBUG org.hibernate.SQL - select roles0_.user_id as user_id1_3_0_, roles0_.role_id as role_id2_3_0_, role1_.id as id1_2_1_, role1_.name as name2_2_1_ from user_roles roles0_ inner join roles role1_ on roles0_.role_id=role1_.id where roles0_.user_id=?
""2018-06-28 10:16:42 [http-nio-8080-exec-4] DEBUG org.hibernate.SQL - select user0_.id as id1_4_0_, user0_.created_at as created_2_4_0_, user0_.updated_at as updated_3_4_0_, user0_.email as email4_4_0_, user0_.name as name5_4_0_, user0_.password as password6_4_0_, user0_.username as username7_4_0_ from users user0_ where user0_.id=?
""2018-06-28 10:16:42 [http-nio-8080-exec-4] DEBUG org.hibernate.SQL - select roles0_.user_id as user_id1_3_0_, roles0_.role_id as role_id2_3_0_, role1_.id as id1_2_1_, role1_.name as name2_2_1_ from user_roles roles0_ inner join roles role1_ on roles0_.role_id=role1_.id where roles0_.user_id=?
""2018-06-28 10:16:42 [http-nio-8080-exec-4] INFO  c.t.j.o.c.LoggingAspect$$EnhancerBySpringCGLIB$$2de9e444 - Controller Allowed execution for execution(UserSummary com.test.jwt.ownApp.controller.UserController.getCurrentUser(UserPrincipal))
""2018-06-28 10:16:42 [http-nio-8080-exec-6] DEBUG org.hibernate.SQL - select user0_.id as id1_4_0_, user0_.created_at as created_2_4_0_, user0_.updated_at as updated_3_4_0_, user0_.email as email4_4_0_, user0_.name as name5_4_0_, user0_.password as password6_4_0_, user0_.username as username7_4_0_ from users user0_ where user0_.id=?
""2018-06-28 10:16:42 [http-nio-8080-exec-6] DEBUG org.hibernate.SQL - select roles0_.user_id as user_id1_3_0_, roles0_.role_id as role_id2_3_0_, role1_.id as id1_2_1_, role1_.name as name2_2_1_ from user_roles roles0_ inner join roles role1_ on roles0_.role_id=role1_.id where roles0_.user_id=?
""2018-06-28 10:16:42 [http-nio-8080-exec-6] INFO  c.t.j.o.c.LoggingAspect$$EnhancerBySpringCGLIB$$2de9e444 - Controller Allowed execution for execution(PagedResponse com.test.jwt.ownApp.controller.PollController.getPolls(UserPrincipal,int,int))
""2018-06-28 10:16:43 [http-nio-8080-exec-6] DEBUG org.hibernate.SQL - select poll0_.id as id1_1_, poll0_.created_at as created_2_1_, poll0_.updated_at as updated_3_1_, poll0_.created_by as created_4_1_, poll0_.updated_by as updated_5_1_, poll0_.expiration_date_time as expirati6_1_, poll0_.question as question7_1_ from polls poll0_ order by poll0_.created_at desc limit ?
""2018-06-28 10:18:44 [http-nio-8080-exec-9] INFO  c.t.j.o.c.LoggingAspect$$EnhancerBySpringCGLIB$$2de9e444 - Controller Allowed execution for execution(ResponseEntity com.test.jwt.ownApp.controller.AuthController.registerUser(SignUpRequest))
""2018-06-28 10:18:44 [http-nio-8080-exec-9] DEBUG org.hibernate.SQL - select user0_.id as col_0_0_ from users user0_ where user0_.username=? limit ?
""2018-06-28 10:18:44 [http-nio-8080-exec-9] DEBUG org.hibernate.SQL - select user0_.id as col_0_0_ from users user0_ where user0_.email=? limit ?
""2018-06-28 10:18:44 [http-nio-8080-exec-9] DEBUG org.hibernate.SQL - select role0_.id as id1_2_, role0_.name as name2_2_ from roles role0_ where role0_.name=?
""2018-06-28 10:18:44 [http-nio-8080-exec-9] DEBUG org.hibernate.SQL - insert into users (created_at, updated_at, email, name, password, username) values (?, ?, ?, ?, ?, ?)
""2018-06-28 10:18:44 [http-nio-8080-exec-9] DEBUG org.hibernate.SQL - insert into user_roles (user_id, role_id) values (?, ?)
""2018-06-28 10:19:07 [http-nio-8080-exec-10] INFO  c.t.j.o.c.LoggingAspect$$EnhancerBySpringCGLIB$$2de9e444 - Controller Allowed execution for execution(ResponseEntity com.test.jwt.ownApp.controller.AuthController.authenticateUser(LoginRequest))
""2018-06-28 10:19:07 [http-nio-8080-exec-10] DEBUG org.hibernate.SQL - select user0_.id as id1_4_, user0_.created_at as created_2_4_, user0_.updated_at as updated_3_4_, user0_.email as email4_4_, user0_.name as name5_4_, user0_.password as password6_4_, user0_.username as username7_4_ from users user0_ where user0_.username=? or user0_.email=?
""2018-06-28 10:19:07 [http-nio-8080-exec-10] DEBUG org.hibernate.SQL - select roles0_.user_id as user_id1_3_0_, roles0_.role_id as role_id2_3_0_, role1_.id as id1_2_1_, role1_.name as name2_2_1_ from user_roles roles0_ inner join roles role1_ on roles0_.role_id=role1_.id where roles0_.user_id=?
""2018-06-28 10:19:49 [http-nio-8080-exec-1] DEBUG org.hibernate.SQL - select user0_.id as id1_4_0_, user0_.created_at as created_2_4_0_, user0_.updated_at as updated_3_4_0_, user0_.email as email4_4_0_, user0_.name as name5_4_0_, user0_.password as password6_4_0_, user0_.username as username7_4_0_ from users user0_ where user0_.id=?
""2018-06-28 10:19:49 [http-nio-8080-exec-1] DEBUG org.hibernate.SQL - select roles0_.user_id as user_id1_3_0_, roles0_.role_id as role_id2_3_0_, role1_.id as id1_2_1_, role1_.name as name2_2_1_ from user_roles roles0_ inner join roles role1_ on roles0_.role_id=role1_.id where roles0_.user_id=?
""2018-06-28 10:32:48 [http-nio-8080-exec-4] DEBUG org.hibernate.SQL - select user0_.id as id1_4_0_, user0_.created_at as created_2_4_0_, user0_.updated_at as updated_3_4_0_, user0_.email as email4_4_0_, user0_.name as name5_4_0_, user0_.password as password6_4_0_, user0_.username as username7_4_0_ from users user0_ where user0_.id=?
""2018-06-28 10:32:48 [http-nio-8080-exec-4] DEBUG org.hibernate.SQL - select roles0_.user_id as user_id1_3_0_, roles0_.role_id as role_id2_3_0_, role1_.id as id1_2_1_, role1_.name as name2_2_1_ from user_roles roles0_ inner join roles role1_ on roles0_.role_id=role1_.id where roles0_.user_id=?
""2018-06-28 10:32:49 [http-nio-8080-exec-5] DEBUG org.hibernate.SQL - select user0_.id as id1_4_0_, user0_.created_at as created_2_4_0_, user0_.updated_at as updated_3_4_0_, user0_.email as email4_4_0_, user0_.name as name5_4_0_, user0_.password as password6_4_0_, user0_.username as username7_4_0_ from users user0_ where user0_.id=?
""2018-06-28 10:32:49 [http-nio-8080-exec-5] DEBUG org.hibernate.SQL - select roles0_.user_id as user_id1_3_0_, roles0_.role_id as role_id2_3_0_, role1_.id as id1_2_1_, role1_.name as name2_2_1_ from user_roles roles0_ inner join roles role1_ on roles0_.role_id=role1_.id where roles0_.user_id=?
""2018-06-28 10:33:47 [http-nio-8080-exec-6] DEBUG org.hibernate.SQL - select user0_.id as id1_4_0_, user0_.created_at as created_2_4_0_, user0_.updated_at as updated_3_4_0_, user0_.email as email4_4_0_, user0_.name as name5_4_0_, user0_.password as password6_4_0_, user0_.username as username7_4_0_ from users user0_ where user0_.id=?
""2018-06-28 10:33:47 [http-nio-8080-exec-6] DEBUG org.hibernate.SQL - select roles0_.user_id as user_id1_3_0_, roles0_.role_id as role_id2_3_0_, role1_.id as id1_2_1_, role1_.name as name2_2_1_ from user_roles roles0_ inner join roles role1_ on roles0_.role_id=role1_.id where roles0_.user_id=?
""2018-06-28 10:33:47 [http-nio-8080-exec-6] INFO  c.t.j.o.c.LoggingAspect$$EnhancerBySpringCGLIB$$2de9e444 - Controller Allowed execution for execution(ResponseEntity com.test.jwt.ownApp.controller.AppController.getAppDetails())
""2018-06-28 10:33:55 [http-nio-8080-exec-7] ERROR c.t.j.o.security.JwtTokenProvider - Invalid JWT token
""2018-06-28 10:34:00 [http-nio-8080-exec-8] DEBUG org.hibernate.SQL - select user0_.id as id1_4_0_, user0_.created_at as created_2_4_0_, user0_.updated_at as updated_3_4_0_, user0_.email as email4_4_0_, user0_.name as name5_4_0_, user0_.password as password6_4_0_, user0_.username as username7_4_0_ from users user0_ where user0_.id=?
""2018-06-28 10:34:00 [http-nio-8080-exec-8] DEBUG org.hibernate.SQL - select roles0_.user_id as user_id1_3_0_, roles0_.role_id as role_id2_3_0_, role1_.id as id1_2_1_, role1_.name as name2_2_1_ from user_roles roles0_ inner join roles role1_ on roles0_.role_id=role1_.id where roles0_.user_id=?
""2018-06-28 10:34:00 [http-nio-8080-exec-8] INFO  c.t.j.o.c.LoggingAspect$$EnhancerBySpringCGLIB$$2de9e444 - Controller Allowed execution for execution(ResponseEntity com.test.jwt.ownApp.controller.AppController.getAppDetails())
"